{"meta": {"format": 3, "version": "7.14.1", "timestamp": "2026-06-07T13:59:15.721096", "branch_coverage": true, "show_contexts": false}, "files": {"src\\sfu_converter\\__init__.py": {"executed_lines": [3], "summary": {"covered_lines": 1, "num_statements": 1, "percent_covered": 100.0, "percent_covered_display": "100", "missing_lines": 0, "excluded_lines": 0, "percent_statements_covered": 100.0, "percent_statements_covered_display": "100", "num_branches": 0, "num_partial_branches": 0, "covered_branches": 0, "missing_branches": 0, "percent_branches_covered": 100.0, "percent_branches_covered_display": "100"}, "missing_lines": [], "excluded_lines": [], "executed_branches": [], "missing_branches": [], "functions": {"": {"executed_lines": [3], "summary": {"covered_lines": 1, "num_statements": 1, "percent_covered": 100.0, "percent_covered_display": "100", "missing_lines": 0, "excluded_lines": 0, "percent_statements_covered": 100.0, "percent_statements_covered_display": "100", "num_branches": 0, "num_partial_branches": 0, "covered_branches": 0, "missing_branches": 0, "percent_branches_covered": 100.0, "percent_branches_covered_display": "100"}, "missing_lines": [], "excluded_lines": [], "start_line": 1, "executed_branches": [], "missing_branches": []}}, "classes": {"": {"executed_lines": [3], "summary": {"covered_lines": 1, "num_statements": 1, "percent_covered": 100.0, "percent_covered_display": "100", "missing_lines": 0, "excluded_lines": 0, "percent_statements_covered": 100.0, "percent_statements_covered_display": "100", "num_branches": 0, "num_partial_branches": 0, "covered_branches": 0, "missing_branches": 0, "percent_branches_covered": 100.0, "percent_branches_covered_display": "100"}, "missing_lines": [], "excluded_lines": [], "start_line": 1, "executed_branches": [], "missing_branches": []}}}, "src\\sfu_converter\\__main__.py": {"executed_lines": [3], "summary": {"covered_lines": 1, "num_statements": 1, "percent_covered": 100.0, "percent_covered_display": "100", "missing_lines": 0, "excluded_lines": 2, "percent_statements_covered": 100.0, "percent_statements_covered_display": "100", "num_branches": 0, "num_partial_branches": 0, "covered_branches": 0, "missing_branches": 0, "percent_branches_covered": 100.0, "percent_branches_covered_display": "100"}, "missing_lines": [], "excluded_lines": [5, 6], "executed_branches": [], "missing_branches": [], "functions": {"": {"executed_lines": [3], "summary": {"covered_lines": 1, "num_statements": 1, "percent_covered": 100.0, "percent_covered_display": "100", "missing_lines": 0, "excluded_lines": 2, "percent_statements_covered": 100.0, "percent_statements_covered_display": "100", "num_branches": 0, "num_partial_branches": 0, "covered_branches": 0, "missing_branches": 0, "percent_branches_covered": 100.0, "percent_branches_covered_display": "100"}, "missing_lines": [], "excluded_lines": [5, 6], "start_line": 1, "executed_branches": [], "missing_branches": []}}, "classes": {"": {"executed_lines": [3], "summary": {"covered_lines": 1, "num_statements": 1, "percent_covered": 100.0, "percent_covered_display": "100", "missing_lines": 0, "excluded_lines": 2, "percent_statements_covered": 100.0, "percent_statements_covered_display": "100", "num_branches": 0, "num_partial_branches": 0, "covered_branches": 0, "missing_branches": 0, "percent_branches_covered": 100.0, "percent_branches_covered_display": "100"}, "missing_lines": [], "excluded_lines": [5, 6], "start_line": 1, "executed_branches": [], "missing_branches": []}}}, "src\\sfu_converter\\agents.py": {"executed_lines": [8, 10, 11, 12, 13, 15, 16, 19, 20, 21, 22, 23, 24, 27, 32, 33, 34, 35, 38, 39, 40, 41, 42, 45, 46, 47, 51, 54, 55, 56, 57, 58, 61, 62, 65, 72, 73, 74, 75, 76, 77, 78, 79, 80, 81, 82, 83, 84, 87, 93, 94, 95, 96, 97, 99, 101, 102, 103, 104, 106, 107, 108, 109, 110, 111, 112, 113, 114, 117, 118, 119, 120, 123, 134, 135, 136, 138, 139, 140, 141, 142, 143, 144, 145, 146, 148, 149, 150, 151, 152, 153, 155, 156, 157, 158, 160, 161, 162, 163, 164, 166, 168, 169, 170, 171, 172, 173], "summary": {"covered_lines": 107, "num_statements": 107, "percent_covered": 100.0, "percent_covered_display": "100", "missing_lines": 0, "excluded_lines": 0, "percent_statements_covered": 100.0, "percent_statements_covered_display": "100", "num_branches": 50, "num_partial_branches": 0, "covered_branches": 50, "missing_branches": 0, "percent_branches_covered": 100.0, "percent_branches_covered_display": "100"}, "missing_lines": [], "excluded_lines": [], "executed_branches": [[39, 40], [39, 42], [40, 39], [40, 41], [46, 47], [46, 51], [73, 74], [73, 82], [75, 76], [75, 78], [79, 73], [79, 80], [82, 83], [82, 84], [94, 95], [94, 96], [101, 102], [101, 103], [103, 104], [103, 106], [107, 108], [107, 114], [109, 110], [109, 111], [112, 107], [112, 113], [119, -117], [119, 120], [134, 135], [134, 138], [139, 140], [139, 148], [141, 142], [141, 160], [143, 144], [143, 146], [149, 150], [149, 152], [152, 153], [152, 155], [156, 157], [156, 160], [162, 163], [162, 168], [163, 164], [163, 166], [168, 169], [168, 170], [170, 171], [170, 173]], "missing_branches": [], "functions": {"_provider": {"executed_lines": [39, 40, 41, 42], "summary": {"covered_lines": 4, "num_statements": 4, "percent_covered": 100.0, "percent_covered_display": "100", "missing_lines": 0, "excluded_lines": 0, "percent_statements_covered": 100.0, "percent_statements_covered_display": "100", "num_branches": 4, "num_partial_branches": 0, "covered_branches": 4, "missing_branches": 0, "percent_branches_covered": 100.0, "percent_branches_covered_display": "100"}, "missing_lines": [], "excluded_lines": [], "start_line": 38, "executed_branches": [[39, 40], [39, 42], [40, 39], [40, 41]], "missing_branches": []}, "_install_commands": {"executed_lines": [46, 47, 51], "summary": {"covered_lines": 3, "num_statements": 3, "percent_covered": 100.0, "percent_covered_display": "100", "missing_lines": 0, "excluded_lines": 0, "percent_statements_covered": 100.0, "percent_statements_covered_display": "100", "num_branches": 2, "num_partial_branches": 0, "covered_branches": 2, "missing_branches": 0, "percent_branches_covered": 100.0, "percent_branches_covered_display": "100"}, "missing_lines": [], "excluded_lines": [], "start_line": 45, "executed_branches": [[46, 47], [46, 51]], "missing_branches": []}, "_default_run": {"executed_lines": [55, 56, 57, 58], "summary": {"covered_lines": 4, "num_statements": 4, "percent_covered": 100.0, "percent_covered_display": "100", "missing_lines": 0, "excluded_lines": 0, "percent_statements_covered": 100.0, "percent_statements_covered_display": "100", "num_branches": 0, "num_partial_branches": 0, "covered_branches": 0, "missing_branches": 0, "percent_branches_covered": 100.0, "percent_branches_covered_display": "100"}, "missing_lines": [], "excluded_lines": [], "start_line": 54, "executed_branches": [], "missing_branches": []}, "detect_available": {"executed_lines": [62], "summary": {"covered_lines": 1, "num_statements": 1, "percent_covered": 100.0, "percent_covered_display": "100", "missing_lines": 0, "excluded_lines": 0, "percent_statements_covered": 100.0, "percent_statements_covered_display": "100", "num_branches": 0, "num_partial_branches": 0, "covered_branches": 0, "missing_branches": 0, "percent_branches_covered": 100.0, "percent_branches_covered_display": "100"}, "missing_lines": [], "excluded_lines": [], "start_line": 61, "executed_branches": [], "missing_branches": []}, "install_provider": {"executed_lines": [72, 73, 74, 75, 76, 77, 78, 79, 80, 81, 82, 83, 84], "summary": {"covered_lines": 13, "num_statements": 13, "percent_covered": 100.0, "percent_covered_display": "100", "missing_lines": 0, "excluded_lines": 0, "percent_statements_covered": 100.0, "percent_statements_covered_display": "100", "num_branches": 8, "num_partial_branches": 0, "covered_branches": 8, "missing_branches": 0, "percent_branches_covered": 100.0, "percent_branches_covered_display": "100"}, "missing_lines": [], "excluded_lines": [], "start_line": 65, "executed_branches": [[73, 74], [73, 82], [75, 76], [75, 78], [79, 73], [79, 80], [82, 83], [82, 84]], "missing_branches": []}, "select_providers_interactive": {"executed_lines": [93, 94, 95, 96, 97, 99, 101, 102, 103, 104, 106, 107, 108, 109, 110, 111, 112, 113, 114], "summary": {"covered_lines": 19, "num_statements": 19, "percent_covered": 100.0, "percent_covered_display": "100", "missing_lines": 0, "excluded_lines": 0, "percent_statements_covered": 100.0, "percent_statements_covered_display": "100", "num_branches": 12, "num_partial_branches": 0, "covered_branches": 12, "missing_branches": 0, "percent_branches_covered": 100.0, "percent_branches_covered_display": "100"}, "missing_lines": [], "excluded_lines": [], "start_line": 87, "executed_branches": [[94, 95], [94, 96], [101, 102], [101, 103], [103, 104], [103, 106], [107, 108], [107, 114], [109, 110], [109, 111], [112, 107], [112, 113]], "missing_branches": []}, "_print_list": {"executed_lines": [118, 119, 120], "summary": {"covered_lines": 3, "num_statements": 3, "percent_covered": 100.0, "percent_covered_display": "100", "missing_lines": 0, "excluded_lines": 0, "percent_statements_covered": 100.0, "percent_statements_covered_display": "100", "num_branches": 2, "num_partial_branches": 0, "covered_branches": 2, "missing_branches": 0, "percent_branches_covered": 100.0, "percent_branches_covered_display": "100"}, "missing_lines": [], "excluded_lines": [], "start_line": 117, "executed_branches": [[119, -117], [119, 120]], "missing_branches": []}, "run_agents": {"executed_lines": [134, 135, 136, 138, 139, 140, 141, 142, 143, 144, 145, 146, 148, 149, 150, 151, 152, 153, 155, 156, 157, 158, 160, 161, 162, 163, 164, 166, 168, 169, 170, 171, 172, 173], "summary": {"covered_lines": 34, "num_statements": 34, "percent_covered": 100.0, "percent_covered_display": "100", "missing_lines": 0, "excluded_lines": 0, "percent_statements_covered": 100.0, "percent_statements_covered_display": "100", "num_branches": 22, "num_partial_branches": 0, "covered_branches": 22, "missing_branches": 0, "percent_branches_covered": 100.0, "percent_branches_covered_display": "100"}, "missing_lines": [], "excluded_lines": [], "start_line": 123, "executed_branches": [[134, 135], [134, 138], [139, 140], [139, 148], [141, 142], [141, 160], [143, 144], [143, 146], [149, 150], [149, 152], [152, 153], [152, 155], [156, 157], [156, 160], [162, 163], [162, 168], [163, 164], [163, 166], [168, 169], [168, 170], [170, 171], [170, 173]], "missing_branches": []}, "": {"executed_lines": [8, 10, 11, 12, 13, 15, 16, 19, 20, 21, 22, 23, 24, 27, 32, 33, 34, 35, 38, 45, 54, 61, 65, 87, 117, 123], "summary": {"covered_lines": 26, "num_statements": 26, "percent_covered": 100.0, "percent_covered_display": "100", "missing_lines": 0, "excluded_lines": 0, "percent_statements_covered": 100.0, "percent_statements_covered_display": "100", "num_branches": 0, "num_partial_branches": 0, "covered_branches": 0, "missing_branches": 0, "percent_branches_covered": 100.0, "percent_branches_covered_display": "100"}, "missing_lines": [], "excluded_lines": [], "start_line": 1, "executed_branches": [], "missing_branches": []}}, "classes": {"Provider": {"executed_lines": [], "summary": {"covered_lines": 0, "num_statements": 0, "percent_covered": 100.0, "percent_covered_display": "100", "missing_lines": 0, "excluded_lines": 0, "percent_statements_covered": 100.0, "percent_statements_covered_display": "100", "num_branches": 0, "num_partial_branches": 0, "covered_branches": 0, "missing_branches": 0, "percent_branches_covered": 100.0, "percent_branches_covered_display": "100"}, "missing_lines": [], "excluded_lines": [], "start_line": 20, "executed_branches": [], "missing_branches": []}, "": {"executed_lines": [8, 10, 11, 12, 13, 15, 16, 19, 20, 21, 22, 23, 24, 27, 32, 33, 34, 35, 38, 39, 40, 41, 42, 45, 46, 47, 51, 54, 55, 56, 57, 58, 61, 62, 65, 72, 73, 74, 75, 76, 77, 78, 79, 80, 81, 82, 83, 84, 87, 93, 94, 95, 96, 97, 99, 101, 102, 103, 104, 106, 107, 108, 109, 110, 111, 112, 113, 114, 117, 118, 119, 120, 123, 134, 135, 136, 138, 139, 140, 141, 142, 143, 144, 145, 146, 148, 149, 150, 151, 152, 153, 155, 156, 157, 158, 160, 161, 162, 163, 164, 166, 168, 169, 170, 171, 172, 173], "summary": {"covered_lines": 107, "num_statements": 107, "percent_covered": 100.0, "percent_covered_display": "100", "missing_lines": 0, "excluded_lines": 0, "percent_statements_covered": 100.0, "percent_statements_covered_display": "100", "num_branches": 50, "num_partial_branches": 0, "covered_branches": 50, "missing_branches": 0, "percent_branches_covered": 100.0, "percent_branches_covered_display": "100"}, "missing_lines": [], "excluded_lines": [], "start_line": 1, "executed_branches": [[39, 40], [39, 42], [40, 39], [40, 41], [46, 47], [46, 51], [73, 74], [73, 82], [75, 76], [75, 78], [79, 73], [79, 80], [82, 83], [82, 84], [94, 95], [94, 96], [101, 102], [101, 103], [103, 104], [103, 106], [107, 108], [107, 114], [109, 110], [109, 111], [112, 107], [112, 113], [119, -117], [119, 120], [134, 135], [134, 138], [139, 140], [139, 148], [141, 142], [141, 160], [143, 144], [143, 146], [149, 150], [149, 152], [152, 153], [152, 155], [156, 157], [156, 160], [162, 163], [162, 168], [163, 164], [163, 166], [168, 169], [168, 170], [170, 171], [170, 173]], "missing_branches": []}}}, "src\\sfu_converter\\application\\__init__.py": {"executed_lines": [3, 5], "summary": {"covered_lines": 2, "num_statements": 2, "percent_covered": 100.0, "percent_covered_display": "100", "missing_lines": 0, "excluded_lines": 0, "percent_statements_covered": 100.0, "percent_statements_covered_display": "100", "num_branches": 0, "num_partial_branches": 0, "covered_branches": 0, "missing_branches": 0, "percent_branches_covered": 100.0, "percent_branches_covered_display": "100"}, "missing_lines": [], "excluded_lines": [], "executed_branches": [], "missing_branches": [], "functions": {"": {"executed_lines": [3, 5], "summary": {"covered_lines": 2, "num_statements": 2, "percent_covered": 100.0, "percent_covered_display": "100", "missing_lines": 0, "excluded_lines": 0, "percent_statements_covered": 100.0, "percent_statements_covered_display": "100", "num_branches": 0, "num_partial_branches": 0, "covered_branches": 0, "missing_branches": 0, "percent_branches_covered": 100.0, "percent_branches_covered_display": "100"}, "missing_lines": [], "excluded_lines": [], "start_line": 1, "executed_branches": [], "missing_branches": []}}, "classes": {"": {"executed_lines": [3, 5], "summary": {"covered_lines": 2, "num_statements": 2, "percent_covered": 100.0, "percent_covered_display": "100", "missing_lines": 0, "excluded_lines": 0, "percent_statements_covered": 100.0, "percent_statements_covered_display": "100", "num_branches": 0, "num_partial_branches": 0, "covered_branches": 0, "missing_branches": 0, "percent_branches_covered": 100.0, "percent_branches_covered_display": "100"}, "missing_lines": [], "excluded_lines": [], "start_line": 1, "executed_branches": [], "missing_branches": []}}}, "src\\sfu_converter\\application\\composition.py": {"executed_lines": [15, 17, 19, 27, 28, 33, 43, 46, 47, 50, 51, 52, 53, 54, 57, 65, 120, 121, 124, 125, 126, 127, 128, 131, 134, 135, 137, 138, 140, 141, 143, 144, 145, 147, 150, 151, 152, 153, 154, 155, 165, 166, 167, 168, 169, 170, 180, 181, 182, 183, 184, 186, 187, 188, 189, 190, 191, 197, 198, 199, 200, 201, 204, 205, 206, 207, 208, 209, 210, 213, 216, 219, 220, 221, 222, 225, 229, 230, 231, 232, 233, 242, 245, 246, 247, 248, 249, 250, 251, 252, 253, 254, 255, 256, 258, 259, 271, 274, 277, 279, 280, 281, 283, 284, 294, 295, 305, 306, 310, 316, 319, 323, 324, 325, 326, 327, 328, 329, 330, 345, 348, 349, 350, 352, 355, 356], "summary": {"covered_lines": 126, "num_statements": 128, "percent_covered": 97.75280898876404, "percent_covered_display": "98", "missing_lines": 2, "excluded_lines": 0, "percent_statements_covered": 98.4375, "percent_statements_covered_display": "98", "num_branches": 50, "num_partial_branches": 2, "covered_branches": 48, "missing_branches": 2, "percent_branches_covered": 96.0, "percent_branches_covered_display": "96"}, "missing_lines": [257, 351], "excluded_lines": [], "executed_branches": [[151, 152], [151, 153], [153, 154], [153, 155], [166, 167], [166, 168], [168, 169], [168, 170], [183, 184], [183, 186], [187, 188], [187, 191], [189, 187], [189, 190], [198, 199], [198, 201], [199, 198], [199, 200], [206, 207], [206, 213], [207, 208], [207, 209], [209, 206], [209, 210], [220, 221], [220, 222], [230, 231], [230, 242], [231, 232], [231, 233], [249, 250], [249, 271], [250, 251], [250, 252], [253, 254], [253, 256], [256, 258], [283, 284], [283, 294], [294, 295], [294, 305], [324, 325], [324, 345], [325, 326], [325, 327], [327, 328], [327, 329], [350, 352]], "missing_branches": [[256, 257], [350, 351]], "functions": {"spec_for": {"executed_lines": [121], "summary": {"covered_lines": 1, "num_statements": 1, "percent_covered": 100.0, "percent_covered_display": "100", "missing_lines": 0, "excluded_lines": 0, "percent_statements_covered": 100.0, "percent_statements_covered_display": "100", "num_branches": 0, "num_partial_branches": 0, "covered_branches": 0, "missing_branches": 0, "percent_branches_covered": 100.0, "percent_branches_covered_display": "100"}, "missing_lines": [], "excluded_lines": [], "start_line": 120, "executed_branches": [], "missing_branches": []}, "validate": {"executed_lines": [134, 135, 137, 138, 140, 141, 143, 144, 145, 147], "summary": {"covered_lines": 10, "num_statements": 10, "percent_covered": 100.0, "percent_covered_display": "100", "missing_lines": 0, "excluded_lines": 0, "percent_statements_covered": 100.0, "percent_statements_covered_display": "100", "num_branches": 0, "num_partial_branches": 0, "covered_branches": 0, "missing_branches": 0, "percent_branches_covered": 100.0, "percent_branches_covered_display": "100"}, "missing_lines": [], "excluded_lines": [], "start_line": 131, "executed_branches": [], "missing_branches": []}, "_check_title_page": {"executed_lines": [151, 152, 153, 154, 155], "summary": {"covered_lines": 5, "num_statements": 5, "percent_covered": 100.0, "percent_covered_display": "100", "missing_lines": 0, "excluded_lines": 0, "percent_statements_covered": 100.0, "percent_statements_covered_display": "100", "num_branches": 4, "num_partial_branches": 0, "covered_branches": 4, "missing_branches": 0, "percent_branches_covered": 100.0, "percent_branches_covered_display": "100"}, "missing_lines": [], "excluded_lines": [], "start_line": 150, "executed_branches": [[151, 152], [151, 153], [153, 154], [153, 155]], "missing_branches": []}, "_check_main_part": {"executed_lines": [166, 167, 168, 169, 170], "summary": {"covered_lines": 5, "num_statements": 5, "percent_covered": 100.0, "percent_covered_display": "100", "missing_lines": 0, "excluded_lines": 0, "percent_statements_covered": 100.0, "percent_statements_covered_display": "100", "num_branches": 4, "num_partial_branches": 0, "covered_branches": 4, "missing_branches": 0, "percent_branches_covered": 100.0, "percent_branches_covered_display": "100"}, "missing_lines": [], "excluded_lines": [], "start_line": 165, "executed_branches": [[166, 167], [166, 168], [168, 169], [168, 170]], "missing_branches": []}, "_has_main_part": {"executed_lines": [181, 182, 183, 184, 186, 187, 188, 189, 190, 191], "summary": {"covered_lines": 10, "num_statements": 10, "percent_covered": 100.0, "percent_covered_display": "100", "missing_lines": 0, "excluded_lines": 0, "percent_statements_covered": 100.0, "percent_statements_covered_display": "100", "num_branches": 6, "num_partial_branches": 0, "covered_branches": 6, "missing_branches": 0, "percent_branches_covered": 100.0, "percent_branches_covered_display": "100"}, "missing_lines": [], "excluded_lines": [], "start_line": 180, "executed_branches": [[183, 184], [183, 186], [187, 188], [187, 191], [189, 187], [189, 190]], "missing_branches": []}, "_first_section_position": {"executed_lines": [198, 199, 200, 201], "summary": {"covered_lines": 4, "num_statements": 4, "percent_covered": 100.0, "percent_covered_display": "100", "missing_lines": 0, "excluded_lines": 0, "percent_statements_covered": 100.0, "percent_statements_covered_display": "100", "num_branches": 4, "num_partial_branches": 0, "covered_branches": 4, "missing_branches": 0, "percent_branches_covered": 100.0, "percent_branches_covered_display": "100"}, "missing_lines": [], "excluded_lines": [], "start_line": 197, "executed_branches": [[198, 199], [198, 201], [199, 198], [199, 200]], "missing_branches": []}, "_structural_occurrences": {"executed_lines": [205, 206, 207, 208, 209, 210, 213], "summary": {"covered_lines": 7, "num_statements": 7, "percent_covered": 100.0, "percent_covered_display": "100", "missing_lines": 0, "excluded_lines": 0, "percent_statements_covered": 100.0, "percent_statements_covered_display": "100", "num_branches": 6, "num_partial_branches": 0, "covered_branches": 6, "missing_branches": 0, "percent_branches_covered": 100.0, "percent_branches_covered_display": "100"}, "missing_lines": [], "excluded_lines": [], "start_line": 204, "executed_branches": [[206, 207], [206, 213], [207, 208], [207, 209], [209, 206], [209, 210]], "missing_branches": []}, "_first_by_type": {"executed_lines": [219, 220, 221, 222], "summary": {"covered_lines": 4, "num_statements": 4, "percent_covered": 100.0, "percent_covered_display": "100", "missing_lines": 0, "excluded_lines": 0, "percent_statements_covered": 100.0, "percent_statements_covered_display": "100", "num_branches": 2, "num_partial_branches": 0, "covered_branches": 2, "missing_branches": 0, "percent_branches_covered": 100.0, "percent_branches_covered_display": "100"}, "missing_lines": [], "excluded_lines": [], "start_line": 216, "executed_branches": [[220, 221], [220, 222]], "missing_branches": []}, "_check_required_sections": {"executed_lines": [229, 230, 231, 232, 233, 242], "summary": {"covered_lines": 6, "num_statements": 6, "percent_covered": 100.0, "percent_covered_display": "100", "missing_lines": 0, "excluded_lines": 0, "percent_statements_covered": 100.0, "percent_statements_covered_display": "100", "num_branches": 4, "num_partial_branches": 0, "covered_branches": 4, "missing_branches": 0, "percent_branches_covered": 100.0, "percent_branches_covered_display": "100"}, "missing_lines": [], "excluded_lines": [], "start_line": 225, "executed_branches": [[230, 231], [230, 242], [231, 232], [231, 233]], "missing_branches": []}, "_check_duplicates": {"executed_lines": [246, 247, 248, 249, 250, 251, 252, 253, 254, 255, 256, 258, 259, 271], "summary": {"covered_lines": 14, "num_statements": 15, "percent_covered": 91.30434782608695, "percent_covered_display": "91", "missing_lines": 1, "excluded_lines": 0, "percent_statements_covered": 93.33333333333333, "percent_statements_covered_display": "93", "num_branches": 8, "num_partial_branches": 1, "covered_branches": 7, "missing_branches": 1, "percent_branches_covered": 87.5, "percent_branches_covered_display": "88"}, "missing_lines": [257], "excluded_lines": [], "start_line": 245, "executed_branches": [[249, 250], [249, 271], [250, 251], [250, 252], [253, 254], [253, 256], [256, 258]], "missing_branches": [[256, 257]]}, "_check_ordering": {"executed_lines": [277, 279, 280, 281, 283, 284, 294, 295, 305, 306], "summary": {"covered_lines": 10, "num_statements": 10, "percent_covered": 100.0, "percent_covered_display": "100", "missing_lines": 0, "excluded_lines": 0, "percent_statements_covered": 100.0, "percent_statements_covered_display": "100", "num_branches": 4, "num_partial_branches": 0, "covered_branches": 4, "missing_branches": 0, "percent_branches_covered": 100.0, "percent_branches_covered_display": "100"}, "missing_lines": [], "excluded_lines": [], "start_line": 274, "executed_branches": [[283, 284], [283, 294], [294, 295], [294, 305]], "missing_branches": []}, "_check_generic_ordering": {"executed_lines": [319, 323, 324, 325, 326, 327, 328, 329, 330, 345], "summary": {"covered_lines": 10, "num_statements": 10, "percent_covered": 100.0, "percent_covered_display": "100", "missing_lines": 0, "excluded_lines": 0, "percent_statements_covered": 100.0, "percent_statements_covered_display": "100", "num_branches": 6, "num_partial_branches": 0, "covered_branches": 6, "missing_branches": 0, "percent_branches_covered": 100.0, "percent_branches_covered_display": "100"}, "missing_lines": [], "excluded_lines": [], "start_line": 316, "executed_branches": [[324, 325], [324, 345], [325, 326], [325, 327], [327, 328], [327, 329]], "missing_branches": []}, "_canonical_predecessor": {"executed_lines": [349, 350, 352], "summary": {"covered_lines": 3, "num_statements": 4, "percent_covered": 66.66666666666667, "percent_covered_display": "67", "missing_lines": 1, "excluded_lines": 0, "percent_statements_covered": 75.0, "percent_statements_covered_display": "75", "num_branches": 2, "num_partial_branches": 1, "covered_branches": 1, "missing_branches": 1, "percent_branches_covered": 50.0, "percent_branches_covered_display": "50"}, "missing_lines": [351], "excluded_lines": [], "start_line": 348, "executed_branches": [[350, 352]], "missing_branches": [[350, 351]]}, "_line": {"executed_lines": [356], "summary": {"covered_lines": 1, "num_statements": 1, "percent_covered": 100.0, "percent_covered_display": "100", "missing_lines": 0, "excluded_lines": 0, "percent_statements_covered": 100.0, "percent_statements_covered_display": "100", "num_branches": 0, "num_partial_branches": 0, "covered_branches": 0, "missing_branches": 0, "percent_branches_covered": 100.0, "percent_branches_covered_display": "100"}, "missing_lines": [], "excluded_lines": [], "start_line": 355, "executed_branches": [], "missing_branches": []}, "": {"executed_lines": [15, 17, 19, 27, 28, 33, 43, 46, 47, 50, 51, 52, 53, 54, 57, 65, 120, 124, 125, 126, 127, 128, 131, 150, 165, 180, 197, 204, 216, 225, 245, 274, 310, 316, 348, 355], "summary": {"covered_lines": 36, "num_statements": 36, "percent_covered": 100.0, "percent_covered_display": "100", "missing_lines": 0, "excluded_lines": 0, "percent_statements_covered": 100.0, "percent_statements_covered_display": "100", "num_branches": 0, "num_partial_branches": 0, "covered_branches": 0, "missing_branches": 0, "percent_branches_covered": 100.0, "percent_branches_covered_display": "100"}, "missing_lines": [], "excluded_lines": [], "start_line": 1, "executed_branches": [], "missing_branches": []}}, "classes": {"CompositionSpec": {"executed_lines": [], "summary": {"covered_lines": 0, "num_statements": 0, "percent_covered": 100.0, "percent_covered_display": "100", "missing_lines": 0, "excluded_lines": 0, "percent_statements_covered": 100.0, "percent_statements_covered_display": "100", "num_branches": 0, "num_partial_branches": 0, "covered_branches": 0, "missing_branches": 0, "percent_branches_covered": 100.0, "percent_branches_covered_display": "100"}, "missing_lines": [], "excluded_lines": [], "start_line": 47, "executed_branches": [], "missing_branches": []}, "_Occurrence": {"executed_lines": [], "summary": {"covered_lines": 0, "num_statements": 0, "percent_covered": 100.0, "percent_covered_display": "100", "missing_lines": 0, "excluded_lines": 0, "percent_statements_covered": 100.0, "percent_statements_covered_display": "100", "num_branches": 0, "num_partial_branches": 0, "covered_branches": 0, "missing_branches": 0, "percent_branches_covered": 100.0, "percent_branches_covered_display": "100"}, "missing_lines": [], "excluded_lines": [], "start_line": 125, "executed_branches": [], "missing_branches": []}, "": {"executed_lines": [15, 17, 19, 27, 28, 33, 43, 46, 47, 50, 51, 52, 53, 54, 57, 65, 120, 121, 124, 125, 126, 127, 128, 131, 134, 135, 137, 138, 140, 141, 143, 144, 145, 147, 150, 151, 152, 153, 154, 155, 165, 166, 167, 168, 169, 170, 180, 181, 182, 183, 184, 186, 187, 188, 189, 190, 191, 197, 198, 199, 200, 201, 204, 205, 206, 207, 208, 209, 210, 213, 216, 219, 220, 221, 222, 225, 229, 230, 231, 232, 233, 242, 245, 246, 247, 248, 249, 250, 251, 252, 253, 254, 255, 256, 258, 259, 271, 274, 277, 279, 280, 281, 283, 284, 294, 295, 305, 306, 310, 316, 319, 323, 324, 325, 326, 327, 328, 329, 330, 345, 348, 349, 350, 352, 355, 356], "summary": {"covered_lines": 126, "num_statements": 128, "percent_covered": 97.75280898876404, "percent_covered_display": "98", "missing_lines": 2, "excluded_lines": 0, "percent_statements_covered": 98.4375, "percent_statements_covered_display": "98", "num_branches": 50, "num_partial_branches": 2, "covered_branches": 48, "missing_branches": 2, "percent_branches_covered": 96.0, "percent_branches_covered_display": "96"}, "missing_lines": [257, 351], "excluded_lines": [], "start_line": 1, "executed_branches": [[151, 152], [151, 153], [153, 154], [153, 155], [166, 167], [166, 168], [168, 169], [168, 170], [183, 184], [183, 186], [187, 188], [187, 191], [189, 187], [189, 190], [198, 199], [198, 201], [199, 198], [199, 200], [206, 207], [206, 213], [207, 208], [207, 209], [209, 206], [209, 210], [220, 221], [220, 222], [230, 231], [230, 242], [231, 232], [231, 233], [249, 250], [249, 271], [250, 251], [250, 252], [253, 254], [253, 256], [256, 258], [283, 284], [283, 294], [294, 295], [294, 305], [324, 325], [324, 345], [325, 326], [325, 327], [327, 328], [327, 329], [350, 352]], "missing_branches": [[256, 257], [350, 351]]}}}, "src\\sfu_converter\\application\\convert.py": {"executed_lines": [1, 3, 4, 5, 6, 7, 8, 9, 10, 11, 12, 13, 16, 17, 18, 19, 21, 31, 32, 33, 34, 35, 36, 37, 38, 39, 40, 41, 42, 43, 44, 52, 53, 56, 60, 64], "summary": {"covered_lines": 36, "num_statements": 36, "percent_covered": 100.0, "percent_covered_display": "100", "missing_lines": 0, "excluded_lines": 0, "percent_statements_covered": 100.0, "percent_statements_covered_display": "100", "num_branches": 0, "num_partial_branches": 0, "covered_branches": 0, "missing_branches": 0, "percent_branches_covered": 100.0, "percent_branches_covered_display": "100"}, "missing_lines": [], "excluded_lines": [], "executed_branches": [], "missing_branches": [], "functions": {"ConvertTextToDocx.__init__": {"executed_lines": [18, 19], "summary": {"covered_lines": 2, "num_statements": 2, "percent_covered": 100.0, "percent_covered_display": "100", "missing_lines": 0, "excluded_lines": 0, "percent_statements_covered": 100.0, "percent_statements_covered_display": "100", "num_branches": 0, "num_partial_branches": 0, "covered_branches": 0, "missing_branches": 0, "percent_branches_covered": 100.0, "percent_branches_covered_display": "100"}, "missing_lines": [], "excluded_lines": [], "start_line": 17, "executed_branches": [], "missing_branches": []}, "ConvertTextToDocx.execute": {"executed_lines": [31, 32, 33, 34, 35, 36, 37, 38, 39, 40, 41, 42, 43, 44, 52, 53], "summary": {"covered_lines": 16, "num_statements": 16, "percent_covered": 100.0, "percent_covered_display": "100", "missing_lines": 0, "excluded_lines": 0, "percent_statements_covered": 100.0, "percent_statements_covered_display": "100", "num_branches": 0, "num_partial_branches": 0, "covered_branches": 0, "missing_branches": 0, "percent_branches_covered": 100.0, "percent_branches_covered_display": "100"}, "missing_lines": [], "excluded_lines": [], "start_line": 21, "executed_branches": [], "missing_branches": []}, "_without_existing_support_diagnostics": {"executed_lines": [60, 64], "summary": {"covered_lines": 2, "num_statements": 2, "percent_covered": 100.0, "percent_covered_display": "100", "missing_lines": 0, "excluded_lines": 0, "percent_statements_covered": 100.0, "percent_statements_covered_display": "100", "num_branches": 0, "num_partial_branches": 0, "covered_branches": 0, "missing_branches": 0, "percent_branches_covered": 100.0, "percent_branches_covered_display": "100"}, "missing_lines": [], "excluded_lines": [], "start_line": 56, "executed_branches": [], "missing_branches": []}, "": {"executed_lines": [1, 3, 4, 5, 6, 7, 8, 9, 10, 11, 12, 13, 16, 17, 21, 56], "summary": {"covered_lines": 16, "num_statements": 16, "percent_covered": 100.0, "percent_covered_display": "100", "missing_lines": 0, "excluded_lines": 0, "percent_statements_covered": 100.0, "percent_statements_covered_display": "100", "num_branches": 0, "num_partial_branches": 0, "covered_branches": 0, "missing_branches": 0, "percent_branches_covered": 100.0, "percent_branches_covered_display": "100"}, "missing_lines": [], "excluded_lines": [], "start_line": 1, "executed_branches": [], "missing_branches": []}}, "classes": {"ConvertTextToDocx": {"executed_lines": [18, 19, 31, 32, 33, 34, 35, 36, 37, 38, 39, 40, 41, 42, 43, 44, 52, 53], "summary": {"covered_lines": 18, "num_statements": 18, "percent_covered": 100.0, "percent_covered_display": "100", "missing_lines": 0, "excluded_lines": 0, "percent_statements_covered": 100.0, "percent_statements_covered_display": "100", "num_branches": 0, "num_partial_branches": 0, "covered_branches": 0, "missing_branches": 0, "percent_branches_covered": 100.0, "percent_branches_covered_display": "100"}, "missing_lines": [], "excluded_lines": [], "start_line": 16, "executed_branches": [], "missing_branches": []}, "": {"executed_lines": [1, 3, 4, 5, 6, 7, 8, 9, 10, 11, 12, 13, 16, 17, 21, 56, 60, 64], "summary": {"covered_lines": 18, "num_statements": 18, "percent_covered": 100.0, "percent_covered_display": "100", "missing_lines": 0, "excluded_lines": 0, "percent_statements_covered": 100.0, "percent_statements_covered_display": "100", "num_branches": 0, "num_partial_branches": 0, "covered_branches": 0, "missing_branches": 0, "percent_branches_covered": 100.0, "percent_branches_covered_display": "100"}, "missing_lines": [], "excluded_lines": [], "start_line": 1, "executed_branches": [], "missing_branches": []}}}, "src\\sfu_converter\\application\\heading_checks.py": {"executed_lines": [1, 3, 5, 6, 7, 10, 13, 14, 15, 17, 18, 19, 20, 21, 22, 24, 27, 28, 29, 30, 31, 32, 33, 34, 37, 38, 39, 40, 41, 42, 51, 54, 55, 56, 57, 58, 59, 60, 62, 67, 68, 69, 71, 83, 86, 90, 91, 92, 93, 94, 95, 96, 97, 98, 101, 102, 103, 104, 105, 108, 109, 110, 111, 112, 115, 119, 120, 121, 122, 123, 124, 125, 126, 127, 128, 129, 130, 131, 144, 147, 148, 149, 150, 154, 155], "summary": {"covered_lines": 85, "num_statements": 88, "percent_covered": 95.0, "percent_covered_display": "95", "missing_lines": 3, "excluded_lines": 0, "percent_statements_covered": 96.5909090909091, "percent_statements_covered_display": "97", "num_branches": 52, "num_partial_branches": 4, "covered_branches": 48, "missing_branches": 4, "percent_branches_covered": 92.3076923076923, "percent_branches_covered_display": "92"}, "missing_lines": [106, 107, 151], "excluded_lines": [], "executed_branches": [[17, 18], [17, 19], [19, 20], [19, 21], [21, 22], [21, 24], [28, -27], [28, 29], [29, 30], [29, 32], [33, 28], [33, 34], [39, 40], [39, 51], [40, 41], [40, 42], [56, 57], [56, 83], [59, 60], [59, 62], [68, 69], [68, 71], [92, 93], [92, 98], [95, 96], [95, 97], [103, 104], [103, 111], [104, 105], [104, 109], [105, 108], [109, 110], [111, -101], [111, 112], [120, 121], [120, 144], [121, 122], [121, 123], [124, 125], [124, 129], [125, 126], [125, 127], [127, 128], [129, 130], [129, 131], [148, 149], [149, 148], [149, 150]], "missing_branches": [[105, 106], [109, 103], [127, 124], [148, 151]], "functions": {"run": {"executed_lines": [13, 14, 15, 17, 18, 19, 20, 21, 22, 24], "summary": {"covered_lines": 10, "num_statements": 10, "percent_covered": 100.0, "percent_covered_display": "100", "missing_lines": 0, "excluded_lines": 0, "percent_statements_covered": 100.0, "percent_statements_covered_display": "100", "num_branches": 6, "num_partial_branches": 0, "covered_branches": 6, "missing_branches": 0, "percent_branches_covered": 100.0, "percent_branches_covered_display": "100"}, "missing_lines": [], "excluded_lines": [], "start_line": 10, "executed_branches": [[17, 18], [17, 19], [19, 20], [19, 21], [21, 22], [21, 24]], "missing_branches": []}, "_iter_headings": {"executed_lines": [28, 29, 30, 31, 32, 33, 34], "summary": {"covered_lines": 7, "num_statements": 7, "percent_covered": 100.0, "percent_covered_display": "100", "missing_lines": 0, "excluded_lines": 0, "percent_statements_covered": 100.0, "percent_statements_covered_display": "100", "num_branches": 6, "num_partial_branches": 0, "covered_branches": 6, "missing_branches": 0, "percent_branches_covered": 100.0, "percent_branches_covered_display": "100"}, "missing_lines": [], "excluded_lines": [], "start_line": 27, "executed_branches": [[28, -27], [28, 29], [29, 30], [29, 32], [33, 28], [33, 34]], "missing_branches": []}, "_hyphenation_diagnostics": {"executed_lines": [38, 39, 40, 41, 42, 51], "summary": {"covered_lines": 6, "num_statements": 6, "percent_covered": 100.0, "percent_covered_display": "100", "missing_lines": 0, "excluded_lines": 0, "percent_statements_covered": 100.0, "percent_statements_covered_display": "100", "num_branches": 4, "num_partial_branches": 0, "covered_branches": 4, "missing_branches": 0, "percent_branches_covered": 100.0, "percent_branches_covered_display": "100"}, "missing_lines": [], "excluded_lines": [], "start_line": 37, "executed_branches": [[39, 40], [39, 51], [40, 41], [40, 42]], "missing_branches": []}, "_two_sentence_diagnostics": {"executed_lines": [55, 56, 57, 58, 59, 60, 62, 67, 68, 69, 71, 83], "summary": {"covered_lines": 12, "num_statements": 12, "percent_covered": 100.0, "percent_covered_display": "100", "missing_lines": 0, "excluded_lines": 0, "percent_statements_covered": 100.0, "percent_statements_covered_display": "100", "num_branches": 6, "num_partial_branches": 0, "covered_branches": 6, "missing_branches": 0, "percent_branches_covered": 100.0, "percent_branches_covered_display": "100"}, "missing_lines": [], "excluded_lines": [], "start_line": 54, "executed_branches": [[56, 57], [56, 83], [59, 60], [59, 62], [68, 69], [68, 71]], "missing_branches": []}, "_point_subpoint_diagnostics": {"executed_lines": [90, 91, 92, 93, 94, 95, 96, 97, 98], "summary": {"covered_lines": 9, "num_statements": 9, "percent_covered": 100.0, "percent_covered_display": "100", "missing_lines": 0, "excluded_lines": 0, "percent_statements_covered": 100.0, "percent_statements_covered_display": "100", "num_branches": 4, "num_partial_branches": 0, "covered_branches": 4, "missing_branches": 0, "percent_branches_covered": 100.0, "percent_branches_covered_display": "100"}, "missing_lines": [], "excluded_lines": [], "start_line": 86, "executed_branches": [[92, 93], [92, 98], [95, 96], [95, 97]], "missing_branches": []}, "_h3_groups": {"executed_lines": [102, 103, 104, 105, 108, 109, 110, 111, 112], "summary": {"covered_lines": 9, "num_statements": 11, "percent_covered": 80.95238095238095, "percent_covered_display": "81", "missing_lines": 2, "excluded_lines": 0, "percent_statements_covered": 81.81818181818181, "percent_statements_covered_display": "82", "num_branches": 10, "num_partial_branches": 2, "covered_branches": 8, "missing_branches": 2, "percent_branches_covered": 80.0, "percent_branches_covered_display": "80"}, "missing_lines": [106, 107], "excluded_lines": [], "start_line": 101, "executed_branches": [[103, 104], [103, 111], [104, 105], [104, 109], [105, 108], [109, 110], [111, -101], [111, 112]], "missing_branches": [[105, 106], [109, 103]]}, "_single_subpoint_diagnostics": {"executed_lines": [119, 120, 121, 122, 123, 124, 125, 126, 127, 128, 129, 130, 131, 144], "summary": {"covered_lines": 14, "num_statements": 14, "percent_covered": 96.15384615384616, "percent_covered_display": "96", "missing_lines": 0, "excluded_lines": 0, "percent_statements_covered": 100.0, "percent_statements_covered_display": "100", "num_branches": 12, "num_partial_branches": 1, "covered_branches": 11, "missing_branches": 1, "percent_branches_covered": 91.66666666666667, "percent_branches_covered_display": "92"}, "missing_lines": [], "excluded_lines": [], "start_line": 115, "executed_branches": [[120, 121], [120, 144], [121, 122], [121, 123], [124, 125], [124, 129], [125, 126], [125, 127], [127, 128], [129, 130], [129, 131]], "missing_branches": [[127, 124]]}, "_min_subpoints": {"executed_lines": [148, 149, 150], "summary": {"covered_lines": 3, "num_statements": 4, "percent_covered": 75.0, "percent_covered_display": "75", "missing_lines": 1, "excluded_lines": 0, "percent_statements_covered": 75.0, "percent_statements_covered_display": "75", "num_branches": 4, "num_partial_branches": 1, "covered_branches": 3, "missing_branches": 1, "percent_branches_covered": 75.0, "percent_branches_covered_display": "75"}, "missing_lines": [151], "excluded_lines": [], "start_line": 147, "executed_branches": [[148, 149], [149, 148], [149, 150]], "missing_branches": [[148, 151]]}, "_source": {"executed_lines": [155], "summary": {"covered_lines": 1, "num_statements": 1, "percent_covered": 100.0, "percent_covered_display": "100", "missing_lines": 0, "excluded_lines": 0, "percent_statements_covered": 100.0, "percent_statements_covered_display": "100", "num_branches": 0, "num_partial_branches": 0, "covered_branches": 0, "missing_branches": 0, "percent_branches_covered": 100.0, "percent_branches_covered_display": "100"}, "missing_lines": [], "excluded_lines": [], "start_line": 154, "executed_branches": [], "missing_branches": []}, "": {"executed_lines": [1, 3, 5, 6, 7, 10, 27, 37, 54, 86, 101, 115, 147, 154], "summary": {"covered_lines": 14, "num_statements": 14, "percent_covered": 100.0, "percent_covered_display": "100", "missing_lines": 0, "excluded_lines": 0, "percent_statements_covered": 100.0, "percent_statements_covered_display": "100", "num_branches": 0, "num_partial_branches": 0, "covered_branches": 0, "missing_branches": 0, "percent_branches_covered": 100.0, "percent_branches_covered_display": "100"}, "missing_lines": [], "excluded_lines": [], "start_line": 1, "executed_branches": [], "missing_branches": []}}, "classes": {"": {"executed_lines": [1, 3, 5, 6, 7, 10, 13, 14, 15, 17, 18, 19, 20, 21, 22, 24, 27, 28, 29, 30, 31, 32, 33, 34, 37, 38, 39, 40, 41, 42, 51, 54, 55, 56, 57, 58, 59, 60, 62, 67, 68, 69, 71, 83, 86, 90, 91, 92, 93, 94, 95, 96, 97, 98, 101, 102, 103, 104, 105, 108, 109, 110, 111, 112, 115, 119, 120, 121, 122, 123, 124, 125, 126, 127, 128, 129, 130, 131, 144, 147, 148, 149, 150, 154, 155], "summary": {"covered_lines": 85, "num_statements": 88, "percent_covered": 95.0, "percent_covered_display": "95", "missing_lines": 3, "excluded_lines": 0, "percent_statements_covered": 96.5909090909091, "percent_statements_covered_display": "97", "num_branches": 52, "num_partial_branches": 4, "covered_branches": 48, "missing_branches": 4, "percent_branches_covered": 92.3076923076923, "percent_branches_covered_display": "92"}, "missing_lines": [106, 107, 151], "excluded_lines": [], "start_line": 1, "executed_branches": [[17, 18], [17, 19], [19, 20], [19, 21], [21, 22], [21, 24], [28, -27], [28, 29], [29, 30], [29, 32], [33, 28], [33, 34], [39, 40], [39, 51], [40, 41], [40, 42], [56, 57], [56, 83], [59, 60], [59, 62], [68, 69], [68, 71], [92, 93], [92, 98], [95, 96], [95, 97], [103, 104], [103, 111], [104, 105], [104, 109], [105, 108], [109, 110], [111, -101], [111, 112], [120, 121], [120, 144], [121, 122], [121, 123], [124, 125], [124, 129], [125, 126], [125, 127], [127, 128], [129, 130], [129, 131], [148, 149], [149, 148], [149, 150]], "missing_branches": [[105, 106], [109, 103], [127, 124], [148, 151]]}}}, "src\\sfu_converter\\application\\metadata_check.py": {"executed_lines": [1, 3, 5, 6, 7, 10, 16, 17, 19, 20, 21, 23, 24, 25, 26, 36, 39, 46, 47, 50, 58, 59, 60, 61, 79, 80, 81, 82, 83, 85, 86, 87, 90, 94, 95, 96, 97, 98, 99, 100, 101, 102, 105, 106, 107, 108, 109, 110, 111, 113, 114, 115], "summary": {"covered_lines": 52, "num_statements": 54, "percent_covered": 92.6829268292683, "percent_covered_display": "93", "missing_lines": 2, "excluded_lines": 0, "percent_statements_covered": 96.29629629629629, "percent_statements_covered_display": "96", "num_branches": 28, "num_partial_branches": 4, "covered_branches": 24, "missing_branches": 4, "percent_branches_covered": 85.71428571428571, "percent_branches_covered_display": "86"}, "missing_lines": [84, 112], "excluded_lines": [], "executed_branches": [[19, 20], [19, 23], [20, 19], [20, 21], [24, 25], [24, 36], [59, 60], [59, 61], [80, 81], [80, 87], [81, 82], [81, 83], [83, 85], [85, 86], [96, 97], [96, 102], [97, 98], [97, 99], [99, 96], [99, 100], [100, 101], [108, 109], [108, 115], [111, 113]], "missing_branches": [[83, 84], [85, 80], [100, 99], [111, 112]], "functions": {"run": {"executed_lines": [16, 17, 19, 20, 21, 23, 24, 25, 26, 36], "summary": {"covered_lines": 10, "num_statements": 10, "percent_covered": 100.0, "percent_covered_display": "100", "missing_lines": 0, "excluded_lines": 0, "percent_statements_covered": 100.0, "percent_statements_covered_display": "100", "num_branches": 6, "num_partial_branches": 0, "covered_branches": 6, "missing_branches": 0, "percent_branches_covered": 100.0, "percent_branches_covered_display": "100"}, "missing_lines": [], "excluded_lines": [], "start_line": 10, "executed_branches": [[19, 20], [19, 23], [20, 19], [20, 21], [24, 25], [24, 36]], "missing_branches": []}, "_diagnostics_for_rule": {"executed_lines": [46, 47], "summary": {"covered_lines": 2, "num_statements": 2, "percent_covered": 100.0, "percent_covered_display": "100", "missing_lines": 0, "excluded_lines": 0, "percent_statements_covered": 100.0, "percent_statements_covered_display": "100", "num_branches": 0, "num_partial_branches": 0, "covered_branches": 0, "missing_branches": 0, "percent_branches_covered": 100.0, "percent_branches_covered_display": "100"}, "missing_lines": [], "excluded_lines": [], "start_line": 39, "executed_branches": [], "missing_branches": []}, "_diagnostics_for_required": {"executed_lines": [58, 59, 60, 61], "summary": {"covered_lines": 4, "num_statements": 4, "percent_covered": 100.0, "percent_covered_display": "100", "missing_lines": 0, "excluded_lines": 0, "percent_statements_covered": 100.0, "percent_statements_covered_display": "100", "num_branches": 2, "num_partial_branches": 0, "covered_branches": 2, "missing_branches": 0, "percent_branches_covered": 100.0, "percent_branches_covered_display": "100"}, "missing_lines": [], "excluded_lines": [], "start_line": 50, "executed_branches": [[59, 60], [59, 61]], "missing_branches": []}, "_selected_title_page_rule": {"executed_lines": [80, 81, 82, 83, 85, 86, 87], "summary": {"covered_lines": 7, "num_statements": 8, "percent_covered": 81.25, "percent_covered_display": "81", "missing_lines": 1, "excluded_lines": 0, "percent_statements_covered": 87.5, "percent_statements_covered_display": "88", "num_branches": 8, "num_partial_branches": 2, "covered_branches": 6, "missing_branches": 2, "percent_branches_covered": 75.0, "percent_branches_covered_display": "75"}, "missing_lines": [84], "excluded_lines": [], "start_line": 79, "executed_branches": [[80, 81], [80, 87], [81, 82], [81, 83], [83, 85], [85, 86]], "missing_branches": [[83, 84], [85, 80]]}, "_selected_title_page_required_metadata": {"executed_lines": [94, 95, 96, 97, 98, 99, 100, 101, 102], "summary": {"covered_lines": 9, "num_statements": 9, "percent_covered": 94.11764705882354, "percent_covered_display": "94", "missing_lines": 0, "excluded_lines": 0, "percent_statements_covered": 100.0, "percent_statements_covered_display": "100", "num_branches": 8, "num_partial_branches": 1, "covered_branches": 7, "missing_branches": 1, "percent_branches_covered": 87.5, "percent_branches_covered_display": "88"}, "missing_lines": [], "excluded_lines": [], "start_line": 90, "executed_branches": [[96, 97], [96, 102], [97, 98], [97, 99], [99, 96], [99, 100], [100, 101]], "missing_branches": [[100, 99]]}, "_deduplicate": {"executed_lines": [106, 107, 108, 109, 110, 111, 113, 114, 115], "summary": {"covered_lines": 9, "num_statements": 10, "percent_covered": 85.71428571428571, "percent_covered_display": "86", "missing_lines": 1, "excluded_lines": 0, "percent_statements_covered": 90.0, "percent_statements_covered_display": "90", "num_branches": 4, "num_partial_branches": 1, "covered_branches": 3, "missing_branches": 1, "percent_branches_covered": 75.0, "percent_branches_covered_display": "75"}, "missing_lines": [112], "excluded_lines": [], "start_line": 105, "executed_branches": [[108, 109], [108, 115], [111, 113]], "missing_branches": [[111, 112]]}, "": {"executed_lines": [1, 3, 5, 6, 7, 10, 39, 50, 79, 90, 105], "summary": {"covered_lines": 11, "num_statements": 11, "percent_covered": 100.0, "percent_covered_display": "100", "missing_lines": 0, "excluded_lines": 0, "percent_statements_covered": 100.0, "percent_statements_covered_display": "100", "num_branches": 0, "num_partial_branches": 0, "covered_branches": 0, "missing_branches": 0, "percent_branches_covered": 100.0, "percent_branches_covered_display": "100"}, "missing_lines": [], "excluded_lines": [], "start_line": 1, "executed_branches": [], "missing_branches": []}}, "classes": {"": {"executed_lines": [1, 3, 5, 6, 7, 10, 16, 17, 19, 20, 21, 23, 24, 25, 26, 36, 39, 46, 47, 50, 58, 59, 60, 61, 79, 80, 81, 82, 83, 85, 86, 87, 90, 94, 95, 96, 97, 98, 99, 100, 101, 102, 105, 106, 107, 108, 109, 110, 111, 113, 114, 115], "summary": {"covered_lines": 52, "num_statements": 54, "percent_covered": 92.6829268292683, "percent_covered_display": "93", "missing_lines": 2, "excluded_lines": 0, "percent_statements_covered": 96.29629629629629, "percent_statements_covered_display": "96", "num_branches": 28, "num_partial_branches": 4, "covered_branches": 24, "missing_branches": 4, "percent_branches_covered": 85.71428571428571, "percent_branches_covered_display": "86"}, "missing_lines": [84, 112], "excluded_lines": [], "start_line": 1, "executed_branches": [[19, 20], [19, 23], [20, 19], [20, 21], [24, 25], [24, 36], [59, 60], [59, 61], [80, 81], [80, 87], [81, 82], [81, 83], [83, 85], [85, 86], [96, 97], [96, 102], [97, 98], [97, 99], [99, 96], [99, 100], [100, 101], [108, 109], [108, 115], [111, 113]], "missing_branches": [[83, 84], [85, 80], [100, 99], [111, 112]]}}}, "src\\sfu_converter\\application\\profile_support.py": {"executed_lines": [9, 11, 12, 14, 15, 17, 20, 23, 26, 29, 32, 35, 36, 38, 39, 42, 43], "summary": {"covered_lines": 17, "num_statements": 17, "percent_covered": 100.0, "percent_covered_display": "100", "missing_lines": 0, "excluded_lines": 0, "percent_statements_covered": 100.0, "percent_statements_covered_display": "100", "num_branches": 2, "num_partial_branches": 0, "covered_branches": 2, "missing_branches": 0, "percent_branches_covered": 100.0, "percent_branches_covered_display": "100"}, "missing_lines": [], "excluded_lines": [], "executed_branches": [[35, 36], [35, 38]], "missing_branches": [], "functions": {"unsupported_renderer_rules": {"executed_lines": [23], "summary": {"covered_lines": 1, "num_statements": 1, "percent_covered": 100.0, "percent_covered_display": "100", "missing_lines": 0, "excluded_lines": 0, "percent_statements_covered": 100.0, "percent_statements_covered_display": "100", "num_branches": 0, "num_partial_branches": 0, "covered_branches": 0, "missing_branches": 0, "percent_branches_covered": 100.0, "percent_branches_covered_display": "100"}, "missing_lines": [], "excluded_lines": [], "start_line": 20, "executed_branches": [], "missing_branches": []}, "unsupported_validator_rules": {"executed_lines": [29], "summary": {"covered_lines": 1, "num_statements": 1, "percent_covered": 100.0, "percent_covered_display": "100", "missing_lines": 0, "excluded_lines": 0, "percent_statements_covered": 100.0, "percent_statements_covered_display": "100", "num_branches": 0, "num_partial_branches": 0, "covered_branches": 0, "missing_branches": 0, "percent_branches_covered": 100.0, "percent_branches_covered_display": "100"}, "missing_lines": [], "excluded_lines": [], "start_line": 26, "executed_branches": [], "missing_branches": []}, "support_diagnostics": {"executed_lines": [35, 36, 38, 39], "summary": {"covered_lines": 4, "num_statements": 4, "percent_covered": 100.0, "percent_covered_display": "100", "missing_lines": 0, "excluded_lines": 0, "percent_statements_covered": 100.0, "percent_statements_covered_display": "100", "num_branches": 2, "num_partial_branches": 0, "covered_branches": 2, "missing_branches": 0, "percent_branches_covered": 100.0, "percent_branches_covered_display": "100"}, "missing_lines": [], "excluded_lines": [], "start_line": 32, "executed_branches": [[35, 36], [35, 38]], "missing_branches": []}, "_diagnostic_for_rule": {"executed_lines": [43], "summary": {"covered_lines": 1, "num_statements": 1, "percent_covered": 100.0, "percent_covered_display": "100", "missing_lines": 0, "excluded_lines": 0, "percent_statements_covered": 100.0, "percent_statements_covered_display": "100", "num_branches": 0, "num_partial_branches": 0, "covered_branches": 0, "missing_branches": 0, "percent_branches_covered": 100.0, "percent_branches_covered_display": "100"}, "missing_lines": [], "excluded_lines": [], "start_line": 42, "executed_branches": [], "missing_branches": []}, "": {"executed_lines": [9, 11, 12, 14, 15, 17, 20, 26, 32, 42], "summary": {"covered_lines": 10, "num_statements": 10, "percent_covered": 100.0, "percent_covered_display": "100", "missing_lines": 0, "excluded_lines": 0, "percent_statements_covered": 100.0, "percent_statements_covered_display": "100", "num_branches": 0, "num_partial_branches": 0, "covered_branches": 0, "missing_branches": 0, "percent_branches_covered": 100.0, "percent_branches_covered_display": "100"}, "missing_lines": [], "excluded_lines": [], "start_line": 1, "executed_branches": [], "missing_branches": []}}, "classes": {"": {"executed_lines": [9, 11, 12, 14, 15, 17, 20, 23, 26, 29, 32, 35, 36, 38, 39, 42, 43], "summary": {"covered_lines": 17, "num_statements": 17, "percent_covered": 100.0, "percent_covered_display": "100", "missing_lines": 0, "excluded_lines": 0, "percent_statements_covered": 100.0, "percent_statements_covered_display": "100", "num_branches": 2, "num_partial_branches": 0, "covered_branches": 2, "missing_branches": 0, "percent_branches_covered": 100.0, "percent_branches_covered_display": "100"}, "missing_lines": [], "excluded_lines": [], "start_line": 1, "executed_branches": [[35, 36], [35, 38]], "missing_branches": []}}}, "src\\sfu_converter\\application\\style_check.py": {"executed_lines": [1, 3, 4, 6, 28, 30, 31, 37, 38, 39, 40, 41, 48, 51, 52, 53, 54, 56, 57, 58, 59, 61, 62, 63, 64, 65, 66, 67, 68, 69, 79, 81, 82, 84, 87, 88, 95, 96, 97, 100, 101, 102, 103, 104, 105, 106, 107, 108, 109, 110, 111, 113, 114, 115, 116, 117, 118, 119, 120, 121, 122, 129, 130, 131, 133, 134, 135, 136, 137, 138, 141, 142, 143, 144, 145, 147, 151, 152, 153, 154, 155, 156, 157, 158, 159, 160, 163, 164, 165, 166, 167, 168, 169, 170, 173, 178, 179, 180, 181, 182, 185, 186, 187, 188, 189, 199, 202, 203, 204, 206], "summary": {"covered_lines": 110, "num_statements": 122, "percent_covered": 87.5, "percent_covered_display": "88", "missing_lines": 12, "excluded_lines": 0, "percent_statements_covered": 90.1639344262295, "percent_statements_covered_display": "90", "num_branches": 86, "num_partial_branches": 10, "covered_branches": 72, "missing_branches": 14, "percent_branches_covered": 83.72093023255815, "percent_branches_covered_display": "84"}, "missing_lines": [112, 123, 124, 125, 127, 128, 132, 139, 140, 146, 148, 205], "excluded_lines": [], "executed_branches": [[39, 40], [39, 48], [40, 39], [40, 41], [56, 57], [56, 84], [58, 59], [58, 61], [61, 62], [61, 81], [64, 65], [64, 67], [67, 68], [67, 69], [81, 56], [81, 82], [101, -100], [101, 102], [102, 103], [102, 104], [104, 105], [104, 106], [106, 107], [106, 108], [108, 109], [108, 111], [111, 113], [113, 114], [113, 116], [114, 115], [116, 117], [116, 122], [117, 118], [117, 119], [119, 101], [119, 120], [120, 119], [120, 121], [122, 129], [129, 130], [129, 131], [131, 133], [133, 134], [133, 135], [135, 136], [135, 138], [136, 137], [138, 141], [141, 142], [141, 147], [142, 101], [142, 143], [143, 144], [143, 145], [145, 142], [147, 101], [153, 154], [153, 160], [154, 155], [154, 156], [156, 157], [156, 158], [158, 159], [165, 166], [165, 170], [178, 179], [178, 182], [180, 178], [180, 181], [187, 188], [187, 199], [204, 206]], "missing_branches": [[111, 112], [114, 101], [122, 123], [123, 101], [123, 124], [124, 125], [124, 127], [131, 132], [136, 101], [138, 139], [145, 146], [147, 148], [158, 153], [204, 205]], "functions": {"find_abbreviations": {"executed_lines": [38, 39, 40, 41, 48], "summary": {"covered_lines": 5, "num_statements": 5, "percent_covered": 100.0, "percent_covered_display": "100", "missing_lines": 0, "excluded_lines": 0, "percent_statements_covered": 100.0, "percent_statements_covered_display": "100", "num_branches": 4, "num_partial_branches": 0, "covered_branches": 4, "missing_branches": 0, "percent_branches_covered": 100.0, "percent_branches_covered_display": "100"}, "missing_lines": [], "excluded_lines": [], "start_line": 37, "executed_branches": [[39, 40], [39, 48], [40, 39], [40, 41]], "missing_branches": []}, "validate_style": {"executed_lines": [52, 53, 54, 56, 57, 58, 59, 61, 62, 63, 64, 65, 66, 67, 68, 69, 79, 81, 82, 84], "summary": {"covered_lines": 20, "num_statements": 20, "percent_covered": 100.0, "percent_covered_display": "100", "missing_lines": 0, "excluded_lines": 0, "percent_statements_covered": 100.0, "percent_statements_covered_display": "100", "num_branches": 12, "num_partial_branches": 0, "covered_branches": 12, "missing_branches": 0, "percent_branches_covered": 100.0, "percent_branches_covered_display": "100"}, "missing_lines": [], "excluded_lines": [], "start_line": 51, "executed_branches": [[56, 57], [56, 84], [58, 59], [58, 61], [61, 62], [61, 81], [64, 65], [64, 67], [67, 68], [67, 69], [81, 56], [81, 82]], "missing_branches": []}, "_TextItem.__init__": {"executed_lines": [95, 96, 97], "summary": {"covered_lines": 3, "num_statements": 3, "percent_covered": 100.0, "percent_covered_display": "100", "missing_lines": 0, "excluded_lines": 0, "percent_statements_covered": 100.0, "percent_statements_covered_display": "100", "num_branches": 0, "num_partial_branches": 0, "covered_branches": 0, "missing_branches": 0, "percent_branches_covered": 100.0, "percent_branches_covered_display": "100"}, "missing_lines": [], "excluded_lines": [], "start_line": 88, "executed_branches": [], "missing_branches": []}, "_iter_text_items": {"executed_lines": [101, 102, 103, 104, 105, 106, 107, 108, 109, 110, 111, 113, 114, 115, 116, 117, 118, 119, 120, 121, 122, 129, 130, 131, 133, 134, 135, 136, 137, 138, 141, 142, 143, 144, 145, 147], "summary": {"covered_lines": 36, "num_statements": 47, "percent_covered": 76.76767676767676, "percent_covered_display": "77", "missing_lines": 11, "excluded_lines": 0, "percent_statements_covered": 76.59574468085107, "percent_statements_covered_display": "77", "num_branches": 52, "num_partial_branches": 8, "covered_branches": 40, "missing_branches": 12, "percent_branches_covered": 76.92307692307692, "percent_branches_covered_display": "77"}, "missing_lines": [112, 123, 124, 125, 127, 128, 132, 139, 140, 146, 148], "excluded_lines": [], "start_line": 100, "executed_branches": [[101, -100], [101, 102], [102, 103], [102, 104], [104, 105], [104, 106], [106, 107], [106, 108], [108, 109], [108, 111], [111, 113], [113, 114], [113, 116], [114, 115], [116, 117], [116, 122], [117, 118], [117, 119], [119, 101], [119, 120], [120, 119], [120, 121], [122, 129], [129, 130], [129, 131], [131, 133], [133, 134], [133, 135], [135, 136], [135, 138], [136, 137], [138, 141], [141, 142], [141, 147], [142, 101], [142, 143], [143, 144], [143, 145], [145, 142], [147, 101]], "missing_branches": [[111, 112], [114, 101], [122, 123], [123, 101], [123, 124], [124, 125], [124, 127], [131, 132], [136, 101], [138, 139], [145, 146], [147, 148]]}, "_inline_text": {"executed_lines": [152, 153, 154, 155, 156, 157, 158, 159, 160], "summary": {"covered_lines": 9, "num_statements": 9, "percent_covered": 94.11764705882354, "percent_covered_display": "94", "missing_lines": 0, "excluded_lines": 0, "percent_statements_covered": 100.0, "percent_statements_covered_display": "100", "num_branches": 8, "num_partial_branches": 1, "covered_branches": 7, "missing_branches": 1, "percent_branches_covered": 87.5, "percent_branches_covered_display": "88"}, "missing_lines": [], "excluded_lines": [], "start_line": 151, "executed_branches": [[153, 154], [153, 160], [154, 155], [154, 156], [156, 157], [156, 158], [158, 159]], "missing_branches": [[158, 153]]}, "_introduction_spans": {"executed_lines": [164, 165, 166, 167, 168, 169, 170], "summary": {"covered_lines": 7, "num_statements": 7, "percent_covered": 100.0, "percent_covered_display": "100", "missing_lines": 0, "excluded_lines": 0, "percent_statements_covered": 100.0, "percent_statements_covered_display": "100", "num_branches": 2, "num_partial_branches": 0, "covered_branches": 2, "missing_branches": 0, "percent_branches_covered": 100.0, "percent_branches_covered_display": "100"}, "missing_lines": [], "excluded_lines": [], "start_line": 163, "executed_branches": [[165, 166], [165, 170]], "missing_branches": []}, "_introduction_covering": {"executed_lines": [178, 179, 180, 181, 182], "summary": {"covered_lines": 5, "num_statements": 5, "percent_covered": 100.0, "percent_covered_display": "100", "missing_lines": 0, "excluded_lines": 0, "percent_statements_covered": 100.0, "percent_statements_covered_display": "100", "num_branches": 4, "num_partial_branches": 0, "covered_branches": 4, "missing_branches": 0, "percent_branches_covered": 100.0, "percent_branches_covered_display": "100"}, "missing_lines": [], "excluded_lines": [], "start_line": 173, "executed_branches": [[178, 179], [178, 182], [180, 178], [180, 181]], "missing_branches": []}, "_heading_abbreviation_diagnostics": {"executed_lines": [186, 187, 188, 189, 199], "summary": {"covered_lines": 5, "num_statements": 5, "percent_covered": 100.0, "percent_covered_display": "100", "missing_lines": 0, "excluded_lines": 0, "percent_statements_covered": 100.0, "percent_statements_covered_display": "100", "num_branches": 2, "num_partial_branches": 0, "covered_branches": 2, "missing_branches": 0, "percent_branches_covered": 100.0, "percent_branches_covered_display": "100"}, "missing_lines": [], "excluded_lines": [], "start_line": 185, "executed_branches": [[187, 188], [187, 199]], "missing_branches": []}, "_clean_long_form": {"executed_lines": [203, 204, 206], "summary": {"covered_lines": 3, "num_statements": 4, "percent_covered": 66.66666666666667, "percent_covered_display": "67", "missing_lines": 1, "excluded_lines": 0, "percent_statements_covered": 75.0, "percent_statements_covered_display": "75", "num_branches": 2, "num_partial_branches": 1, "covered_branches": 1, "missing_branches": 1, "percent_branches_covered": 50.0, "percent_branches_covered_display": "50"}, "missing_lines": [205], "excluded_lines": [], "start_line": 202, "executed_branches": [[204, 206]], "missing_branches": [[204, 205]]}, "": {"executed_lines": [1, 3, 4, 6, 28, 30, 31, 37, 51, 87, 88, 100, 151, 163, 173, 185, 202], "summary": {"covered_lines": 17, "num_statements": 17, "percent_covered": 100.0, "percent_covered_display": "100", "missing_lines": 0, "excluded_lines": 0, "percent_statements_covered": 100.0, "percent_statements_covered_display": "100", "num_branches": 0, "num_partial_branches": 0, "covered_branches": 0, "missing_branches": 0, "percent_branches_covered": 100.0, "percent_branches_covered_display": "100"}, "missing_lines": [], "excluded_lines": [], "start_line": 1, "executed_branches": [], "missing_branches": []}}, "classes": {"_TextItem": {"executed_lines": [95, 96, 97], "summary": {"covered_lines": 3, "num_statements": 3, "percent_covered": 100.0, "percent_covered_display": "100", "missing_lines": 0, "excluded_lines": 0, "percent_statements_covered": 100.0, "percent_statements_covered_display": "100", "num_branches": 0, "num_partial_branches": 0, "covered_branches": 0, "missing_branches": 0, "percent_branches_covered": 100.0, "percent_branches_covered_display": "100"}, "missing_lines": [], "excluded_lines": [], "start_line": 87, "executed_branches": [], "missing_branches": []}, "": {"executed_lines": [1, 3, 4, 6, 28, 30, 31, 37, 38, 39, 40, 41, 48, 51, 52, 53, 54, 56, 57, 58, 59, 61, 62, 63, 64, 65, 66, 67, 68, 69, 79, 81, 82, 84, 87, 88, 100, 101, 102, 103, 104, 105, 106, 107, 108, 109, 110, 111, 113, 114, 115, 116, 117, 118, 119, 120, 121, 122, 129, 130, 131, 133, 134, 135, 136, 137, 138, 141, 142, 143, 144, 145, 147, 151, 152, 153, 154, 155, 156, 157, 158, 159, 160, 163, 164, 165, 166, 167, 168, 169, 170, 173, 178, 179, 180, 181, 182, 185, 186, 187, 188, 189, 199, 202, 203, 204, 206], "summary": {"covered_lines": 107, "num_statements": 119, "percent_covered": 87.3170731707317, "percent_covered_display": "87", "missing_lines": 12, "excluded_lines": 0, "percent_statements_covered": 89.91596638655462, "percent_statements_covered_display": "90", "num_branches": 86, "num_partial_branches": 10, "covered_branches": 72, "missing_branches": 14, "percent_branches_covered": 83.72093023255815, "percent_branches_covered_display": "84"}, "missing_lines": [112, 123, 124, 125, 127, 128, 132, 139, 140, 146, 148, 205], "excluded_lines": [], "start_line": 1, "executed_branches": [[39, 40], [39, 48], [40, 39], [40, 41], [56, 57], [56, 84], [58, 59], [58, 61], [61, 62], [61, 81], [64, 65], [64, 67], [67, 68], [67, 69], [81, 56], [81, 82], [101, -100], [101, 102], [102, 103], [102, 104], [104, 105], [104, 106], [106, 107], [106, 108], [108, 109], [108, 111], [111, 113], [113, 114], [113, 116], [114, 115], [116, 117], [116, 122], [117, 118], [117, 119], [119, 101], [119, 120], [120, 119], [120, 121], [122, 129], [129, 130], [129, 131], [131, 133], [133, 134], [133, 135], [135, 136], [135, 138], [136, 137], [138, 141], [141, 142], [141, 147], [142, 101], [142, 143], [143, 144], [143, 145], [145, 142], [147, 101], [153, 154], [153, 160], [154, 155], [154, 156], [156, 157], [156, 158], [158, 159], [165, 166], [165, 170], [178, 179], [178, 182], [180, 178], [180, 181], [187, 188], [187, 199], [204, 206]], "missing_branches": [[111, 112], [114, 101], [122, 123], [123, 101], [123, 124], [124, 125], [124, 127], [131, 132], [136, 101], [138, 139], [145, 146], [147, 148], [158, 153], [204, 205]]}}}, "src\\sfu_converter\\application\\units.py": {"executed_lines": [1, 3, 4, 6, 22, 24, 34, 39, 40, 46, 47, 48, 50, 51, 52, 53, 55, 56, 57, 58, 60, 61, 63, 65, 66, 69, 70, 78, 79, 80, 81, 84, 85, 86, 87, 92, 93, 94, 95, 96, 97, 98, 99, 101, 102, 103, 104, 105, 106, 107, 114, 115, 116, 120, 121, 122, 123, 124, 125, 126, 127, 128, 129, 132, 133, 136, 139, 140, 141, 142, 143, 144, 145, 161, 164, 165, 166, 167, 168, 172, 173, 174, 175, 176], "summary": {"covered_lines": 84, "num_statements": 92, "percent_covered": 88.35616438356165, "percent_covered_display": "88", "missing_lines": 8, "excluded_lines": 0, "percent_statements_covered": 91.30434782608695, "percent_statements_covered_display": "91", "num_branches": 54, "num_partial_branches": 5, "covered_branches": 45, "missing_branches": 9, "percent_branches_covered": 83.33333333333333, "percent_branches_covered_display": "83"}, "missing_lines": [59, 100, 108, 109, 110, 112, 113, 117], "excluded_lines": [], "executed_branches": [[50, 51], [50, 65], [51, 52], [51, 55], [56, 57], [56, 63], [58, 60], [85, -84], [85, 86], [86, 87], [86, 92], [92, 93], [92, 94], [94, 95], [94, 96], [96, 97], [96, 99], [99, 101], [101, 102], [101, 107], [102, 103], [102, 104], [104, 85], [104, 105], [105, 104], [105, 106], [107, 114], [114, 115], [114, 116], [116, 85], [122, 123], [122, 129], [123, 124], [123, 125], [125, 126], [125, 127], [127, 128], [140, 141], [140, 161], [141, 142], [141, 143], [167, 168], [167, 176], [172, 173], [172, 174]], "missing_branches": [[58, 59], [99, 100], [107, 108], [108, 85], [108, 109], [109, 110], [109, 112], [116, 117], [127, 122]], "functions": {"validate_unit_consistency": {"executed_lines": [47, 48, 50, 51, 52, 53, 55, 56, 57, 58, 60, 61, 63, 65, 66], "summary": {"covered_lines": 15, "num_statements": 16, "percent_covered": 91.66666666666667, "percent_covered_display": "92", "missing_lines": 1, "excluded_lines": 0, "percent_statements_covered": 93.75, "percent_statements_covered_display": "94", "num_branches": 8, "num_partial_branches": 1, "covered_branches": 7, "missing_branches": 1, "percent_branches_covered": 87.5, "percent_branches_covered_display": "88"}, "missing_lines": [59], "excluded_lines": [], "start_line": 46, "executed_branches": [[50, 51], [50, 65], [51, 52], [51, 55], [56, 57], [56, 63], [58, 60]], "missing_branches": [[58, 59]]}, "_TextItem.__init__": {"executed_lines": [78, 79, 80, 81], "summary": {"covered_lines": 4, "num_statements": 4, "percent_covered": 100.0, "percent_covered_display": "100", "missing_lines": 0, "excluded_lines": 0, "percent_statements_covered": 100.0, "percent_statements_covered_display": "100", "num_branches": 0, "num_partial_branches": 0, "covered_branches": 0, "missing_branches": 0, "percent_branches_covered": 100.0, "percent_branches_covered_display": "100"}, "missing_lines": [], "excluded_lines": [], "start_line": 70, "executed_branches": [], "missing_branches": []}, "_iter_text_items": {"executed_lines": [85, 86, 87, 92, 93, 94, 95, 96, 97, 98, 99, 101, 102, 103, 104, 105, 106, 107, 114, 115, 116], "summary": {"covered_lines": 21, "num_statements": 28, "percent_covered": 75.86206896551724, "percent_covered_display": "76", "missing_lines": 7, "excluded_lines": 0, "percent_statements_covered": 75.0, "percent_statements_covered_display": "75", "num_branches": 30, "num_partial_branches": 3, "covered_branches": 23, "missing_branches": 7, "percent_branches_covered": 76.66666666666667, "percent_branches_covered_display": "77"}, "missing_lines": [100, 108, 109, 110, 112, 113, 117], "excluded_lines": [], "start_line": 84, "executed_branches": [[85, -84], [85, 86], [86, 87], [86, 92], [92, 93], [92, 94], [94, 95], [94, 96], [96, 97], [96, 99], [99, 101], [101, 102], [101, 107], [102, 103], [102, 104], [104, 85], [104, 105], [105, 104], [105, 106], [107, 114], [114, 115], [114, 116], [116, 85]], "missing_branches": [[99, 100], [107, 108], [108, 85], [108, 109], [109, 110], [109, 112], [116, 117]]}, "_inline_text": {"executed_lines": [121, 122, 123, 124, 125, 126, 127, 128, 129], "summary": {"covered_lines": 9, "num_statements": 9, "percent_covered": 94.11764705882354, "percent_covered_display": "94", "missing_lines": 0, "excluded_lines": 0, "percent_statements_covered": 100.0, "percent_statements_covered_display": "100", "num_branches": 8, "num_partial_branches": 1, "covered_branches": 7, "missing_branches": 1, "percent_branches_covered": 87.5, "percent_branches_covered_display": "88"}, "missing_lines": [], "excluded_lines": [], "start_line": 120, "executed_branches": [[122, 123], [122, 129], [123, 124], [123, 125], [125, 126], [125, 127], [127, 128]], "missing_branches": [[127, 122]]}, "_units_in_text": {"executed_lines": [133], "summary": {"covered_lines": 1, "num_statements": 1, "percent_covered": 100.0, "percent_covered_display": "100", "missing_lines": 0, "excluded_lines": 0, "percent_statements_covered": 100.0, "percent_statements_covered_display": "100", "num_branches": 0, "num_partial_branches": 0, "covered_branches": 0, "missing_branches": 0, "percent_branches_covered": 100.0, "percent_branches_covered_display": "100"}, "missing_lines": [], "excluded_lines": [], "start_line": 132, "executed_branches": [], "missing_branches": []}, "_unit_diagnostics": {"executed_lines": [139, 140, 141, 142, 143, 144, 145, 161], "summary": {"covered_lines": 8, "num_statements": 8, "percent_covered": 100.0, "percent_covered_display": "100", "missing_lines": 0, "excluded_lines": 0, "percent_statements_covered": 100.0, "percent_statements_covered_display": "100", "num_branches": 4, "num_partial_branches": 0, "covered_branches": 4, "missing_branches": 0, "percent_branches_covered": 100.0, "percent_branches_covered_display": "100"}, "missing_lines": [], "excluded_lines": [], "start_line": 136, "executed_branches": [[140, 141], [140, 161], [141, 142], [141, 143]], "missing_branches": []}, "_deduplicate": {"executed_lines": [165, 166, 167, 168, 172, 173, 174, 175, 176], "summary": {"covered_lines": 9, "num_statements": 9, "percent_covered": 100.0, "percent_covered_display": "100", "missing_lines": 0, "excluded_lines": 0, "percent_statements_covered": 100.0, "percent_statements_covered_display": "100", "num_branches": 4, "num_partial_branches": 0, "covered_branches": 4, "missing_branches": 0, "percent_branches_covered": 100.0, "percent_branches_covered_display": "100"}, "missing_lines": [], "excluded_lines": [], "start_line": 164, "executed_branches": [[167, 168], [167, 176], [172, 173], [172, 174]], "missing_branches": []}, "": {"executed_lines": [1, 3, 4, 6, 22, 24, 34, 39, 40, 46, 69, 70, 84, 120, 132, 136, 164], "summary": {"covered_lines": 17, "num_statements": 17, "percent_covered": 100.0, "percent_covered_display": "100", "missing_lines": 0, "excluded_lines": 0, "percent_statements_covered": 100.0, "percent_statements_covered_display": "100", "num_branches": 0, "num_partial_branches": 0, "covered_branches": 0, "missing_branches": 0, "percent_branches_covered": 100.0, "percent_branches_covered_display": "100"}, "missing_lines": [], "excluded_lines": [], "start_line": 1, "executed_branches": [], "missing_branches": []}}, "classes": {"_TextItem": {"executed_lines": [78, 79, 80, 81], "summary": {"covered_lines": 4, "num_statements": 4, "percent_covered": 100.0, "percent_covered_display": "100", "missing_lines": 0, "excluded_lines": 0, "percent_statements_covered": 100.0, "percent_statements_covered_display": "100", "num_branches": 0, "num_partial_branches": 0, "covered_branches": 0, "missing_branches": 0, "percent_branches_covered": 100.0, "percent_branches_covered_display": "100"}, "missing_lines": [], "excluded_lines": [], "start_line": 69, "executed_branches": [], "missing_branches": []}, "": {"executed_lines": [1, 3, 4, 6, 22, 24, 34, 39, 40, 46, 47, 48, 50, 51, 52, 53, 55, 56, 57, 58, 60, 61, 63, 65, 66, 69, 70, 84, 85, 86, 87, 92, 93, 94, 95, 96, 97, 98, 99, 101, 102, 103, 104, 105, 106, 107, 114, 115, 116, 120, 121, 122, 123, 124, 125, 126, 127, 128, 129, 132, 133, 136, 139, 140, 141, 142, 143, 144, 145, 161, 164, 165, 166, 167, 168, 172, 173, 174, 175, 176], "summary": {"covered_lines": 80, "num_statements": 88, "percent_covered": 88.02816901408451, "percent_covered_display": "88", "missing_lines": 8, "excluded_lines": 0, "percent_statements_covered": 90.9090909090909, "percent_statements_covered_display": "91", "num_branches": 54, "num_partial_branches": 5, "covered_branches": 45, "missing_branches": 9, "percent_branches_covered": 83.33333333333333, "percent_branches_covered_display": "83"}, "missing_lines": [59, 100, 108, 109, 110, 112, 113, 117], "excluded_lines": [], "start_line": 1, "executed_branches": [[50, 51], [50, 65], [51, 52], [51, 55], [56, 57], [56, 63], [58, 60], [85, -84], [85, 86], [86, 87], [86, 92], [92, 93], [92, 94], [94, 95], [94, 96], [96, 97], [96, 99], [99, 101], [101, 102], [101, 107], [102, 103], [102, 104], [104, 85], [104, 105], [105, 104], [105, 106], [107, 114], [114, 115], [114, 116], [116, 85], [122, 123], [122, 129], [123, 124], [123, 125], [125, 126], [125, 127], [127, 128], [140, 141], [140, 161], [141, 142], [141, 143], [167, 168], [167, 176], [172, 173], [172, 174]], "missing_branches": [[58, 59], [99, 100], [107, 108], [108, 85], [108, 109], [109, 110], [109, 112], [116, 117], [127, 122]]}}}, "src\\sfu_converter\\cli.py": {"executed_lines": [1, 3, 4, 5, 6, 7, 8, 9, 11, 12, 13, 14, 15, 16, 17, 18, 19, 20, 21, 22, 23, 24, 25, 26, 27, 30, 31, 32, 33, 34, 35, 36, 37, 40, 44, 45, 46, 47, 50, 51, 52, 53, 56, 57, 61, 63, 65, 66, 67, 68, 69, 70, 71, 76, 77, 78, 79, 80, 85, 86, 87, 89, 90, 91, 92, 94, 95, 96, 97, 98, 99, 101, 102, 103, 104, 105, 106, 108, 109, 110, 112, 113, 114, 116, 117, 118, 119, 125, 126, 128, 129, 131, 132, 133, 134, 135, 137, 140, 141, 147, 153, 159, 167, 168, 176, 177, 178, 180, 192, 193, 194, 195, 196, 199, 200, 201, 203, 204, 206, 207, 208, 209, 211, 212, 214, 215, 216, 218, 219, 225, 227, 228, 229, 241, 242, 243, 245, 250, 251, 252, 253, 254, 256, 257, 259, 260, 262, 263, 264, 279, 280, 281, 282, 285, 286, 288, 289, 290, 293, 294, 297, 298, 300, 304, 305, 306, 307, 308, 309, 310, 311, 312, 313, 314, 315, 316, 318, 319, 324, 325, 326, 327, 343, 346, 349, 350, 352, 353, 356, 357, 358, 364, 366, 367, 368, 369, 370, 371, 373, 375, 376, 388, 389, 390, 391, 393, 394, 395, 397, 400, 401, 402, 403, 406, 407, 408, 410, 411, 420, 421, 422, 423, 425, 426, 444, 447, 448, 449, 450, 453, 454, 457, 458, 467, 468, 469, 470, 471, 472, 473, 474, 475, 476, 477, 478, 479, 480, 481, 482, 483, 485, 486, 504, 507, 508, 509, 512, 513, 514, 530, 533, 534, 535, 536, 538, 539, 542, 543, 545, 554, 555, 556, 559, 560, 561, 565, 568, 569, 571, 572, 575, 576, 577, 578, 589, 590, 591, 592, 593, 594, 595, 598, 603, 604, 605, 606, 607, 613, 616, 617, 618, 619, 620, 623, 624, 625, 626, 627, 633, 636, 637, 638, 639, 640, 641, 644, 645, 648, 649, 652, 653, 654, 658, 662, 665, 673, 674, 677, 680, 681, 697, 698, 705, 706, 717, 718, 719, 720, 721, 724, 725, 726, 727, 728, 729, 732, 733, 734, 735, 736, 739, 740, 742, 743, 750, 751, 758, 759, 760, 761, 762, 763, 764, 765, 766, 767, 768, 769, 772, 798, 799, 800, 801, 802, 803, 806, 807, 808, 809, 810, 811, 812, 815, 816, 823, 824, 825, 828, 829, 832, 833, 834, 835, 840, 843, 844, 845, 855, 856, 859, 860, 861, 871, 872, 875, 876, 877, 879, 880, 883, 886, 889, 890], "summary": {"covered_lines": 413, "num_statements": 448, "percent_covered": 88.83161512027492, "percent_covered_display": "89", "missing_lines": 35, "excluded_lines": 2, "percent_statements_covered": 92.1875, "percent_statements_covered_display": "92", "num_branches": 134, "num_partial_branches": 18, "covered_branches": 104, "missing_branches": 30, "percent_branches_covered": 77.61194029850746, "percent_branches_covered_display": "78"}, "missing_lines": [255, 291, 295, 301, 302, 320, 321, 322, 328, 344, 345, 354, 404, 412, 418, 442, 443, 451, 455, 459, 465, 502, 503, 510, 527, 528, 529, 557, 562, 563, 564, 599, 600, 666, 667], "excluded_lines": [905, 906], "executed_branches": [[193, 194], [193, 196], [203, 204], [203, 206], [208, 209], [208, 211], [214, 215], [214, 218], [218, 219], [218, 227], [250, 251], [250, 259], [254, 256], [256, 257], [256, 259], [263, 264], [263, 279], [279, 280], [279, 282], [290, 293], [294, 297], [300, 304], [327, 343], [343, 346], [353, 356], [357, 358], [357, 366], [370, 371], [370, 373], [375, 376], [375, 388], [388, 389], [388, 397], [390, 391], [390, 393], [394, 395], [394, 397], [403, 406], [407, 408], [407, 410], [411, 420], [425, 426], [450, 453], [454, 457], [458, 467], [485, 486], [509, 512], [513, 514], [535, 536], [535, 538], [556, 559], [560, 561], [577, 578], [577, 589], [589, 590], [589, 595], [591, 592], [591, 595], [637, 638], [637, 639], [639, 640], [639, 641], [719, 720], [719, 721], [726, 727], [726, 729], [727, 726], [727, 728], [733, 734], [733, 736], [734, 733], [734, 735], [742, 743], [742, 750], [750, 751], [750, 758], [758, 759], [758, 763], [760, 761], [760, 762], [763, 764], [763, 765], [765, 766], [765, 767], [767, 768], [767, 769], [801, 802], [801, 803], [808, 809], [808, 812], [809, 810], [809, 811], [833, 834], [833, 835], [844, 845], [844, 855], [855, -843], [855, 856], [860, 861], [860, 871], [871, -859], [871, 872], [876, 877], [876, 879]], "missing_branches": [[254, 255], [290, 291], [294, 295], [300, 301], [327, 328], [343, 344], [353, 354], [403, 404], [411, 412], [425, 442], [442, 443], [442, 444], [450, 451], [454, 455], [458, 459], [485, 502], [502, 503], [502, 504], [509, 510], [513, 527], [527, 528], [527, 530], [528, 529], [528, 530], [556, 557], [560
[...]
0, 192, 193, 194, 196, 199, 200, 201, 202, 203, 204, 205, 206, 208, 209, 210, 212, 213, 215, 216, 217, 218, 219], "summary": {"covered_lines": 131, "num_statements": 131, "percent_covered": 100.0, "percent_covered_display": "100", "missing_lines": 0, "excluded_lines": 2, "percent_statements_covered": 100.0, "percent_statements_covered_display": "100", "num_branches": 46, "num_partial_branches": 0, "covered_branches": 46, "missing_branches": 0, "percent_branches_covered": 100.0, "percent_branches_covered_display": "100"}, "missing_lines": [], "excluded_lines": [222, 223], "start_line": 1, "executed_branches": [[35, 36], [35, 37], [44, 45], [44, 50], [45, 46], [45, 49], [58, 59], [58, 64], [69, 70], [69, 98], [72, 73], [72, 77], [80, 81], [80, 95], [83, 80], [83, 85], [109, 110], [109, 117], [111, 109], [111, 112], [112, 111], [112, 113], [113, 112], [113, 114], [129, 130], [129, 134], [136, 137], [136, 140], [154, 155], [154, 176], [157, 158], [157, 173], [164, 165], [164, 169], [169, 170], [169, 171], [182, 183], [182, 199], [185, 186], [185, 196], [189, 190], [189, 192], [192, 193], [192, 194], [208, 209], [208, 212]], "missing_branches": []}}}, "src\\sfu_converter\\utils_image_insert.py": {"executed_lines": [6, 7, 8, 9, 11, 12, 13, 14, 16, 17, 19, 20, 28, 42, 43, 45, 46, 47, 48, 49, 50, 52, 53, 54, 55, 56, 58, 59, 62, 70, 75, 76, 77, 78, 79, 80, 81, 82, 84, 87, 89, 92, 115, 116, 119, 120, 121, 123, 124, 125, 126, 129, 130, 131, 132, 133, 135, 138, 139, 140, 141, 142, 143, 145, 147, 155, 170, 171, 174, 175, 178, 179, 182, 184, 185, 193, 214, 215, 216, 217, 219, 220, 221, 222, 223, 224, 225, 227, 228, 236, 264, 266, 267, 270, 271, 274, 283, 291, 302, 303, 305, 306, 307, 308, 309, 310], "summary": {"covered_lines": 106, "num_statements": 106, "percent_covered": 100.0, "percent_covered_display": "100", "missing_lines": 0, "excluded_lines": 0, "percent_statements_covered": 100.0, "percent_statements_covered_display": "100", "num_branches": 42, "num_partial_branches": 0, "covered_branches": 42, "missing_branches": 0, "percent_branches_covered": 100.0, "percent_branches_covered_display": "100"}, "missing_lines": [], "excluded_lines": [], "executed_branches": [[42, 43], [42, 45], [45, 46], [45, 52], [47, 48], [47, 49], [52, 53], [52, 58], [58, 59], [58, 62], [75, 76], [75, 77], [77, 78], [77, 79], [79, 80], [79, 81], [81, 82], [81, 84], [119, 120], [119, 129], [123, 124], [123, 129], [129, 130], [129, 138], [130, 131], [130, 132], [132, 133], [132, 135], [138, 139], [138, 147], [140, 141], [140, 142], [142, 143], [142, 145], [174, 175], [174, 178], [178, 179], [178, 182], [214, 215], [214, 216], [216, 217], [216, 219]], "missing_branches": [], "functions": {"convert_image_to_rgb": {"executed_lines": [42, 43, 45, 46, 47, 48, 49, 50, 52, 53, 54, 55, 56, 58, 59, 62], "summary": {"covered_lines": 16, "num_statements": 16, "percent_covered": 100.0, "percent_covered_display": "100", "missing_lines": 0, "excluded_lines": 0, "percent_statements_covered": 100.0, "percent_statements_covered_display": "100", "num_branches": 10, "num_partial_branches": 0, "covered_branches": 10, "missing_branches": 0, "percent_branches_covered": 100.0, "percent_branches_covered_display": "100"}, "missing_lines": [], "excluded_lines": [], "start_line": 28, "executed_branches": [[42, 43], [42, 45], [45, 46], [45, 52], [47, 48], [47, 49], [52, 53], [52, 58], [58, 59], [58, 62]], "missing_branches": []}, "_to_emu": {"executed_lines": [75, 76, 77, 78, 79, 80, 81, 82, 84], "summary": {"covered_lines": 9, "num_statements": 9, "percent_covered": 100.0, "percent_covered_display": "100", "missing_lines": 0, "excluded_lines": 0, "percent_statements_covered": 100.0, "percent_statements_covered_display": "100", "num_branches": 8, "num_partial_branches": 0, "covered_branches": 8, "missing_branches": 0, "percent_branches_covered": 100.0, "percent_branches_covered_display": "100"}, "missing_lines": [], "excluded_lines": [], "start_line": 70, "executed_branches": [[75, 76], [75, 77], [77, 78], [77, 79], [79, 80], [79, 81], [81, 82], [81, 84]], "missing_branches": []}, "_from_emu_to_cm": {"executed_lines": [89], "summary": {"covered_lines": 1, "num_statements": 1, "percent_covered": 100.0, "percent_covered_display": "100", "missing_lines": 0, "excluded_lines": 0, "percent_statements_covered": 100.0, "percent_statements_covered_display": "100", "num_branches": 0, "num_partial_branches": 0, "covered_branches": 0, "missing_branches": 0, "percent_branches_covered": 100.0, "percent_branches_covered_display": "100"}, "missing_lines": [], "excluded_lines": [], "start_line": 87, "executed_branches": [], "missing_branches": []}, "calculate_image_dimensions": {"executed_lines": [115, 116, 119, 120, 121, 123, 124, 125, 126, 129, 130, 131, 132, 133, 135, 138, 139, 140, 141, 142, 143, 145, 147], "summary": {"covered_lines": 23, "num_statements": 23, "percent_covered": 100.0, "percent_covered_display": "100", "missing_lines": 0, "excluded_lines": 0, "percent_statements_covered": 100.0, "percent_statements_covered_display": "100", "num_branches": 16, "num_partial_branches": 0, "covered_branches": 16, "missing_branches": 0, "percent_branches_covered": 100.0, "percent_branches_covered_display": "100"}, "missing_lines": [], "excluded_lines": [], "start_line": 92, "executed_branches": [[119, 120], [119, 129], [123, 124], [123, 129], [129, 130], [129, 138], [130, 131], [130, 132], [132, 133], [132, 135], [138, 139], [138, 147], [140, 141], [140, 142], [142, 143], [142, 145]], "missing_branches": []}, "save_image_to_buffer": {"executed_lines": [170, 171, 174, 175, 178, 179, 182, 184, 185], "summary": {"covered_lines": 9, "num_statements": 9, "percent_covered": 100.0, "percent_covered_display": "100", "missing_lines": 0, "excluded_lines": 0, "percent_statements_covered": 100.0, "percent_statements_covered_display": "100", "num_branches": 4, "num_partial_branches": 0, "covered_branches": 4, "missing_branches": 0, "percent_branches_covered": 100.0, "percent_branches_covered_display": "100"}, "missing_lines": [], "excluded_lines": [], "start_line": 155, "executed_branches": [[174, 175], [174, 178], [178, 179], [178, 182]], "missing_branches": []}, "insert_image_into_paragraph": {"executed_lines": [214, 215, 216, 217, 219, 220, 221, 222, 223, 224, 225, 227, 228], "summary": {"covered_lines": 13, "num_statements": 13, "percent_covered": 100.0, "percent_covered_display": "100", "missing_lines": 0, "excluded_lines": 0, "percent_statements_covered": 100.0, "percent_statements_covered_display": "100", "num_branches": 4, "num_partial_branches": 0, "covered_branches": 4, "missing_branches": 0, "percent_branches_covered": 100.0, "percent_branches_covered_display": "100"}, "missing_lines": [], "excluded_lines": [], "start_line": 193, "executed_branches": [[214, 215], [214, 216], [216, 217], [216, 219]], "missing_branches": []}, "insert_image": {"executed_lines": [264, 266, 267, 270, 271, 274, 283, 291, 302, 303, 305, 306, 307, 308, 309, 310], "summary": {"covered_lines": 16, "num_statements": 16, "percent_covered": 100.0, "percent_covered_display": "100", "missing_lines": 0, "excluded_lines": 0, "percent_statements_covered": 100.0, "percent_statements_covered_display": "100", "num_branches": 0, "num_partial_branches": 0, "covered_branches": 0, "missing_branches": 0, "percent_branches_covered": 100.0, "percent_branches_covered_display": "100"}, "missing_lines": [], "excluded_lines": [], "start_line": 236, "executed_branches": [], "missing_branches": []}, "": {"executed_lines": [6, 7, 8, 9, 11, 12, 13, 14, 16, 17, 19, 20, 28, 70, 87, 92, 155, 193, 236], "summary": {"covered_lines": 19, "num_statements": 19, "percent_covered": 100.0, "percent_covered_display": "100", "missing_lines": 0, "excluded_lines": 0, "percent_statements_covered": 100.0, "percent_statements_covered_display": "100", "num_branches": 0, "num_partial_branches": 0, "covered_branches": 0, "missing_branches": 0, "percent_branches_covered": 100.0, "percent_branches_covered_display": "100"}, "missing_lines": [], "excluded_lines": [], "start_line": 1, "executed_branches": [], "missing_branches": []}}, "classes": {"": {"executed_lines": [6, 7, 8, 9, 11, 12, 13, 14, 16, 17, 19, 20, 28, 42, 43, 45, 46, 47, 48, 49, 50, 52, 53, 54, 55, 56, 58, 59, 62, 70, 75, 76, 77, 78, 79, 80, 81, 82, 84, 87, 89, 92, 115, 116, 119, 120, 121, 123, 124, 125, 126, 129, 130, 131, 132, 133, 135, 138, 139, 140, 141, 142, 143, 145, 147, 155, 170, 171, 174, 175, 178, 179, 182, 184, 185, 193, 214, 215, 216, 217, 219, 220, 221, 222, 223, 224, 225, 227, 228, 236, 264, 266, 267, 270, 271, 274, 283, 291, 302, 303, 305, 306, 307, 308, 309, 310], "summary": {"covered_lines": 106, "num_statements": 106, "percent_covered": 100.0, "percent_covered_display": "100", "missing_lines": 0, "excluded_lines": 0, "percent_statements_covered": 100.0, "percent_statements_covered_display": "100", "num_branches": 42, "num_partial_branches": 0, "covered_branches": 42, "missing_branches": 0, "percent_branches_covered": 100.0, "percent_branches_covered_display": "100"}, "missing_lines": [], "excluded_lines": [], "start_line": 1, "executed_branches": [[42, 43], [42, 45], [45, 46], [45, 52], [47, 48], [47, 49], [52, 53], [52, 58], [58, 59], [58, 62], [75, 76], [75, 77], [77, 78], [77, 79], [79, 80], [79, 81], [81, 82], [81, 84], [119, 120], [119, 129], [123, 124], [123, 129], [129, 130], [129, 138], [130, 131], [130, 132], [132, 133], [132, 135], [138, 139], [138, 147], [140, 141], [140, 142], [142, 143], [142, 145], [174, 175], [174, 178], [178, 179], [178, 182], [214, 215], [214, 216], [216, 217], [216, 219]], "missing_branches": []}}}, "src\\sfu_converter\\validator.py": {"executed_lines": [1, 3, 4, 6, 7, 8, 9, 10, 14, 17, 20, 27, 28, 29, 30, 31, 32, 33, 35, 37, 38, 39, 40, 41, 43, 45, 47, 49, 50, 51, 53, 54, 55, 57, 59, 61, 62, 64, 65, 67, 68, 70, 72, 74, 75, 76, 78, 79, 80, 81, 83, 84, 85, 87, 89, 91, 92, 94, 95, 96, 97, 99, 101, 103, 104, 105, 106, 108, 109, 110, 113, 115, 116, 117, 118, 119, 121, 122, 124, 126, 135, 139, 140, 141, 142], "summary": {"covered_lines": 85, "num_statements": 85, "percent_covered": 100.0, "percent_covered_display": "100", "missing_lines": 0, "excluded_lines": 0, "percent_statements_covered": 100.0, "percent_statements_covered_display": "100", "num_branches": 28, "num_partial_branches": 0, "covered_branches": 28, "missing_branches": 0, "percent_branches_covered": 100.0, "percent_branches_covered_display": "100"}, "missing_lines": [], "excluded_lines": [], "executed_branches": [[37, 38], [37, 39], [39, 40], [39, 41], [50, 51], [50, 53], [54, 55], [54, 57], [64, 65], [64, 67], [67, 68], [67, 70], [78, 79], [78, 83], [79, 80], [79, 81], [84, 85], [84, 87], [94, 95], [94, 99], [96, 97], [96, 99], [115, 116], [115, 121], [117, 118], [117, 119], [140, 141], [140, 142]], "missing_branches": [], "functions": {"StyleValidator.__init__": {"executed_lines": [27, 28, 29, 30, 31, 32, 33], "summary": {"covered_lines": 7, "num_statements": 7, "percent_covered": 100.0, "percent_covered_display": "100", "missing_lines": 0, "excluded_lines": 0, "percent_statements_covered": 100.0, "percent_statements_covered_display": "100", "num_branches": 0, "num_partial_branches": 0, "covered_branches": 0, "missing_branches": 0, "percent_branches_covered": 100.0, "percent_branches_covered_display": "100"}, "missing_lines": [], "excluded_lines": [], "start_line": 20, "executed_branches": [], "missing_branches": []}, "StyleValidator._get_pt_value": {"executed_lines": [37, 38, 39, 40, 41], "summary": {"covered_lines": 5, "num_statements": 5, "percent_covered": 100.0, "percent_covered_display": "100", "missing_lines": 0, "excluded_lines": 0, "percent_statements_covered": 100.0, "percent_statements_covered_display": "100", "num_branches": 4, "num_partial_branches": 0, "covered_branches": 4, "missing_branches": 0, "percent_branches_covered": 100.0, "percent_branches_covered_display": "100"}, "missing_lines": [], "excluded_lines": [], "start_line": 35, "executed_branches": [[37, 38], [37, 39], [39, 40], [39, 41]], "missing_branches": []}, "StyleValidator._is_header_paragraph": {"executed_lines": [45], "summary": {"covered_lines": 1, "num_statements": 1, "percent_covered": 100.0, "percent_covered_display": "100", "missing_lines": 0, "excluded_lines": 0, "percent_statements_covered": 100.0, "percent_statements_covered_display": "100", "num_branches": 0, "num_partial_branches": 0, "covered_branches": 0, "missing_branches": 0, "percent_branches_covered": 100.0, "percent_branches_covered_display": "100"}, "missing_lines": [], "excluded_lines": [], "start_line": 43, "executed_branches": [], "missing_branches": []}, "StyleValidator.validate_font": {"executed_lines": [49, 50, 51, 53, 54, 55, 57], "summary": {"covered_lines": 7, "num_statements": 7, "percent_covered": 100.0, "percent_covered_display": "100", "missing_lines": 0, "excluded_lines": 0, "percent_statements_covered": 100.0, "percent_statements_covered_display": "100", "num_branches": 4, "num_partial_branches": 0, "covered_branches": 4, "missing_branches": 0, "percent_branches_covered": 100.0, "percent_branches_covered_display": "100"}, "missing_lines": [], "excluded_lines": [], "start_line": 47, "executed_branches": [[50, 51], [50, 53], [54, 55], [54, 57]], "missing_branches": []}, "StyleValidator.validate_paragraph_spacing": {"executed_lines": [61, 62, 64, 65, 67, 68, 70], "summary": {"covered_lines": 7, "num_statements": 7, "percent_covered": 100.0, "percent_covered_display": "100", "missing_lines": 0, "excluded_lines": 0, "percent_statements_covered": 100.0, "percent_statements_covered_display": "100", "num_branches": 4, "num_partial_branches": 0, "covered_branches": 4, "missing_branches": 0, "percent_branches_covered": 100.0, "percent_branches_covered_display": "100"}, "missing_lines": [], "excluded_lines": [], "start_line": 59, "executed_branches": [[64, 65], [64, 67], [67, 68], [67, 70]], "missing_branches": []}, "StyleValidator.validate_first_line_indent": {"executed_lines": [74, 75, 76, 78, 79, 80, 81, 83, 84, 85, 87], "summary": {"covered_lines": 11, "num_statements": 11, "percent_covered": 100.0, "percent_covered_display": "100", "missing_lines": 0, "excluded_lines": 0, "percent_statements_covered": 100.0, "percent_statements_covered_display": "100", "num_branches": 6, "num_partial_branches": 0, "covered_branches": 6, "missing_branches": 0, "percent_branches_covered": 100.0, "percent_branches_covered_display": "100"}, "missing_lines": [], "excluded_lines": [], "start_line": 72, "executed_branches": [[78, 79], [78, 83], [79, 80], [79, 81], [84, 85], [84, 87]], "missing_branches": []}, "StyleValidator.validate_line_spacing": {"executed_lines": [91, 92, 94, 95, 96, 97, 99], "summary": {"covered_lines": 7, "num_statements": 7, "percent_covered": 100.0, "percent_covered_display": "100", "missing_lines": 0, "excluded_lines": 0, "percent_statements_covered": 100.0, "percent_statements_covered_display": "100", "num_branches": 4, "num_partial_branches": 0, "covered_branches": 4, "missing_branches": 0, "percent_branches_covered": 100.0, "percent_branches_covered_display": "100"}, "missing_lines": [], "excluded_lines": [], "start_line": 89, "executed_branches": [[94, 95], [94, 99], [96, 97], [96, 99]], "missing_branches": []}, "StyleValidator.validate_file": {"executed_lines": [103, 104, 105, 106, 108, 109, 110, 113, 115, 116, 117, 118, 119, 121, 122], "summary": {"covered_lines": 15, "num_statements": 15, "percent_covered": 100.0, "percent_covered_display": "100", "missing_lines": 0, "excluded_lines": 0, "percent_statements_covered": 100.0, "percent_statements_covered_display": "100", "num_branches": 4, "num_partial_branches": 0, "covered_branches": 4, "missing_branches": 0, "percent_branches_covered": 100.0, "percent_branches_covered_display": "100"}, "missing_lines": [], "excluded_lines": [], "start_line": 101, "executed_branches": [[115, 116], [115, 121], [117, 118], [117, 119]], "missing_branches": []}, "StyleValidator.get_report": {"executed_lines": [126], "summary": {"covered_lines": 1, "num_statements": 1, "percent_covered": 100.0, "percent_covered_display": "100", "missing_lines": 0, "excluded_lines": 0, "percent_statements_covered": 100.0, "percent_statements_covered_display": "100", "num_branches": 0, "num_partial_branches": 0, "covered_branches": 0, "missing_branches": 0, "percent_branches_covered": 100.0, "percent_branches_covered_display": "100"}, "missing_lines": [], "excluded_lines": [], "start_line": 124, "executed_branches": [], "missing_branches": []}, "_resolve_profile": {"executed_lines": [139, 140, 141, 142], "summary": {"covered_lines": 4, "num_statements": 4, "percent_covered": 100.0, "percent_covered_display": "100", "missing_lines": 0, "excluded_lines": 0, "percent_statements_covered": 100.0, "percent_statements_covered_display": "100", "num_branches": 2, "num_partial_branches": 0, "covered_branches": 2, "missing_branches": 0, "percent_branches_covered": 100.0, "percent_branches_covered_display": "100"}, "missing_lines": [], "excluded_lines": [], "start_line": 135, "executed_branches": [[140, 141], [140, 142]], "missing_branches": []}, "": {"executed_lines": [1, 3, 4, 6, 7, 8, 9, 10, 14, 17, 20, 35, 43, 47, 59, 72, 89, 101, 124, 135], "summary": {"covered_lines": 20, "num_statements": 20, "percent_covered": 100.0, "percent_covered_display": "100", "missing_lines": 0, "excluded_lines": 0, "percent_statements_covered": 100.0, "percent_statements_covered_display": "100", "num_branches": 0, "num_partial_branches": 0, "covered_branches": 0, "missing_branches": 0, "percent_branches_covered": 100.0, "percent_branches_covered_display": "100"}, "missing_lines": [], "excluded_lines": [], "start_line": 1, "executed_branches": [], "missing_branches": []}}, "classes": {"StyleValidator": {"executed_lines": [27, 28, 29, 30, 31, 32, 33, 37, 38, 39, 40, 41, 45, 49, 50, 51, 53, 54, 55, 57, 61, 62, 64, 65, 67, 68, 70, 74, 75, 76, 78, 79, 80, 81, 83, 84, 85, 87, 91, 92, 94, 95, 96, 97, 99, 103, 104, 105, 106, 108, 109, 110, 113, 115, 116, 117, 118, 119, 121, 122, 126], "summary": {"covered_lines": 61, "num_statements": 61, "percent_covered": 100.0, "percent_covered_display": "100", "missing_lines": 0, "excluded_lines": 0, "percent_statements_covered": 100.0, "percent_statements_covered_display": "100", "num_branches": 26, "num_partial_branches": 0, "covered_branches": 26, "missing_branches": 0, "percent_branches_covered": 100.0, "percent_branches_covered_display": "100"}, "missing_lines": [], "excluded_lines": [], "start_line": 17, "executed_branches": [[37, 38], [37, 39], [39, 40], [39, 41], [50, 51], [50, 53], [54, 55], [54, 57], [64, 65], [64, 67], [67, 68], [67, 70], [78, 79], [78, 83], [79, 80], [79, 81], [84, 85], [84, 87], [94, 95], [94, 99], [96, 97], [96, 99], [115, 116], [115, 121], [117, 118], [117, 119]], "missing_branches": []}, "": {"executed_lines": [1, 3, 4, 6, 7, 8, 9, 10, 14, 17, 20, 35, 43, 47, 59, 72, 89, 101, 124, 135, 139, 140, 141, 142], "summary": {"covered_lines": 24, "num_statements": 24, "percent_covered": 100.0, "percent_covered_display": "100", "missing_lines": 0, "excluded_lines": 0, "percent_statements_covered": 100.0, "percent_statements_covered_display": "100", "num_branches": 2, "num_partial_branches": 0, "covered_branches": 2, "missing_branches": 0, "percent_branches_covered": 100.0, "percent_branches_covered_display": "100"}, "missing_lines": [], "excluded_lines": [], "start_line": 1, "executed_branches": [[140, 141], [140, 142]], "missing_branches": []}}}}, "totals": {"covered_lines": 7598, "num_statements": 8058, "percent_covered": 91.74086861711794, "percent_covered_display": "92", "missing_lines": 460, "excluded_lines": 15, "percent_statements_covered": 94.29138744105236, "percent_statements_covered_display": "94", "num_branches": 2948, "num_partial_branches": 327, "covered_branches": 2499, "missing_branches": 449, "percent_branches_covered": 84.76933514246947, "percent_branches_covered_display": "85"}}